{"uuid":"0dc0822d-4c5f-4969-a2ea-6cb6888e61a5","historyId":"551d04bafe3298c01f087801eeb94fa6","testCaseId":"4314091cb81a6edccf107e166bd147ff","fullName":"src/test/resources/Feature/Arrays.feature:19","labels":[{"name":"tag","value":"bug"},{"name":"host","value":"DESKTOP-TCJEROD"},{"name":"thread","value":"4612@DESKTOP-TCJEROD.main(1)"},{"name":"feature","value":"Arrays PracticeQuestion"},{"name":"story","value":"Verify that user receives error when click on Run button without entering code for \"Arrays in Python\" page"},{"name":"suite","value":"Arrays PracticeQuestion"},{"name":"testClass","value":"Verify that user receives error when click on Run button without entering code for \"Arrays in Python\" page"},{"name":"framework","value":"cucumber4jvm"},{"name":"language","value":"java"},{"name":"gherkin_uri","value":"file:///C:/Users/Kruthi/dsAlgo2025/Ds-Algo2025/src/test/resources/Feature/Arrays.feature"},{"name":"package","value":"src.test.resources.Feature.Arrays_feature.Arrays PracticeQuestion"}],"links":[],"name":"Verify that user receives error when click on Run button without entering code for \"Arrays in Python\" page","status":"failed","statusDetails":{"known":false,"muted":false,"flaky":false,"message":"Bug: No alert displayed when clicking Run without entering code.","trace":"java.lang.AssertionError: Bug: No alert displayed when clicking Run without entering code.\r\n\tat org.testng.Assert.fail(Assert.java:111)\r\n\tat stepDefinitions.ArraysStep.the_user_should_see_an_error_message_in_alert_window(ArraysStep.java:114)\r\n\tat ✽.The user should see an error message in alert window(file:///C:/Users/Kruthi/dsAlgo2025/Ds-Algo2025/src/test/resources/Feature/Arrays.feature:22)\r\n"},"stage":"finished","steps":[{"name":"Given The User is in home page after sign in","status":"passed","statusDetails":{"known":false,"muted":false,"flaky":false},"stage":"finished","steps":[],"attachments":[],"parameters":[],"start":1747084412062,"stop":1747084413561},{"name":"When The user scrolls down to the Data Structures dropdown and selects Array","status":"passed","statusDetails":{"known":false,"muted":false,"flaky":false},"stage":"finished","steps":[],"attachments":[],"parameters":[],"start":1747084413562,"stop":1747084414359},{"name":"Then User is navigated to Array Page","status":"passed","statusDetails":{"known":false,"muted":false,"flaky":false},"stage":"finished","steps":[],"attachments":[],"parameters":[],"start":1747084414361,"stop":1747084414422},{"name":"Given The user is on the Arrays tryEditor page","status":"passed","statusDetails":{"known":false,"muted":false,"flaky":false},"stage":"finished","steps":[],"attachments":[],"parameters":[],"start":1747084414422,"stop":1747084417190},{"name":"When The user clicks on the Run button without entering the code in the Editor","status":"passed","statusDetails":{"known":false,"muted":false,"flaky":false},"stage":"finished","steps":[],"attachments":[],"parameters":[],"start":1747084417191,"stop":1747084417343},{"name":"Then The user should see an error message in alert window","status":"failed","statusDetails":{"known":false,"muted":false,"flaky":false,"message":"Bug: No alert displayed when clicking Run without entering code.","trace":"java.lang.AssertionError: Bug: No alert displayed when clicking Run without entering code.\r\n\tat org.testng.Assert.fail(Assert.java:111)\r\n\tat stepDefinitions.ArraysStep.the_user_should_see_an_error_message_in_alert_window(ArraysStep.java:114)\r\n\tat ✽.The user should see an error message in alert window(file:///C:/Users/Kruthi/dsAlgo2025/Ds-Algo2025/src/test/resources/Feature/Arrays.feature:22)\r\n"},"stage":"finished","steps":[],"attachments":[],"parameters":[],"start":1747084417343,"stop":1747084417365}],"attachments":[],"parameters":[],"start":1747084408705,"stop":1747084417882}