{"uuid":"22196208-32f7-4b86-9b5a-ea120119f5a2","historyId":"8c6dc14f0c05cd258a22813bfda0c437","testCaseId":"aaaa46eb78442873ecb372f2cabfdb78","fullName":"src/test/resources/Feature/Stack.feature:21","labels":[{"name":"host","value":"DESKTOP-TCJEROD"},{"name":"thread","value":"19564@DESKTOP-TCJEROD.TestNG-PoolService-3(27)"},{"name":"feature","value":"This feature file contain scenario for the Stack module"},{"name":"story","value":"Verify that user receives error when click on Run button without entering code for \"Operations in Stack\" page"},{"name":"suite","value":"This feature file contain scenario for the Stack module"},{"name":"testClass","value":"Verify that user receives error when click on Run button without entering code for \"Operations in Stack\" page"},{"name":"framework","value":"cucumber4jvm"},{"name":"language","value":"java"},{"name":"gherkin_uri","value":"file:///C:/Users/Kruthi/dsAlgo2025/Ds-Algo2025/src/test/resources/Feature/Stack.feature"},{"name":"package","value":"src.test.resources.Feature.Stack_feature.This feature file contain scenario for the Stack module"}],"links":[],"name":"Verify that user receives error when click on Run button without entering code for \"Operations in Stack\" page","status":"failed","statusDetails":{"known":false,"muted":false,"flaky":false,"message":"Bug: No alert displayed when clicking Run without entering code.","trace":"java.lang.AssertionError: Bug: No alert displayed when clicking Run without entering code.\r\n\tat org.testng.Assert.fail(Assert.java:111)\r\n\tat stepDefinitions.StackStep.the_user_is_able_to_see_an_error_message_in_alert_window(StackStep.java:118)\r\n\tat ✽.The user is able to see an error message in alert window(file:///C:/Users/Kruthi/dsAlgo2025/Ds-Algo2025/src/test/resources/Feature/Stack.feature:24)\r\n"},"stage":"finished","steps":[{"name":"Given The User is in the home page after sign in","status":"passed","statusDetails":{"known":false,"muted":false,"flaky":false},"stage":"finished","steps":[],"attachments":[],"parameters":[],"start":1747079168733,"stop":1747079180573},{"name":"When The user scrolls down to the Data Structures dropdown and selects Stack","status":"passed","statusDetails":{"known":false,"muted":false,"flaky":false},"stage":"finished","steps":[],"attachments":[],"parameters":[],"start":1747079180574,"stop":1747079195334},{"name":"Then User is navigated to Stack Page","status":"passed","statusDetails":{"known":false,"muted":false,"flaky":false},"stage":"finished","steps":[],"attachments":[],"parameters":[],"start":1747079195335,"stop":1747079196271},{"name":"Given The user is in the Stacks tryEditor page","status":"passed","statusDetails":{"known":false,"muted":false,"flaky":false},"stage":"finished","steps":[],"attachments":[],"parameters":[],"start":1747079196274,"stop":1747079209527},{"name":"When The user clicks Run button without entering the code in the stacks tryEditor","status":"passed","statusDetails":{"known":false,"muted":false,"flaky":false},"stage":"finished","steps":[],"attachments":[],"parameters":[],"start":1747079209528,"stop":1747079209969},{"name":"Then The user is able to see an error message in alert window","status":"failed","statusDetails":{"known":false,"muted":false,"flaky":false,"message":"Bug: No alert displayed when clicking Run without entering code.","trace":"java.lang.AssertionError: Bug: No alert displayed when clicking Run without entering code.\r\n\tat org.testng.Assert.fail(Assert.java:111)\r\n\tat stepDefinitions.StackStep.the_user_is_able_to_see_an_error_message_in_alert_window(StackStep.java:118)\r\n\tat ✽.The user is able to see an error message in alert window(file:///C:/Users/Kruthi/dsAlgo2025/Ds-Algo2025/src/test/resources/Feature/Stack.feature:24)\r\n"},"stage":"finished","steps":[],"attachments":[],"parameters":[],"start":1747079209970,"stop":1747079210006}],"attachments":[],"parameters":[],"start":1747079146275,"stop":1747079216240}