{"uuid":"3e268e9d-47d6-4070-90c9-8385687447ae","historyId":"63a798199a8a0280e18f33b65c25a02b","testCaseId":"ee65a083f5b50dcbdfd8be3940f1bafd","fullName":"src/test/resources/Feature/Arrays.feature:10","labels":[{"name":"host","value":"LAPTOP-2KQV9F30"},{"name":"thread","value":"27356@LAPTOP-2KQV9F30.main(1)"},{"name":"feature","value":"Arrays PracticeQuestion"},{"name":"story","value":"Verify that user is able to navigate to \"Arrays in Python\" page"},{"name":"suite","value":"Arrays PracticeQuestion"},{"name":"testClass","value":"Verify that user is able to navigate to \"Arrays in Python\" page"},{"name":"framework","value":"cucumber4jvm"},{"name":"language","value":"java"},{"name":"gherkin_uri","value":"file:///C:/Workspace/Ds-Algo2025/src/test/resources/Feature/Arrays.feature"},{"name":"package","value":"src.test.resources.Feature.Arrays_feature.Arrays PracticeQuestion"}],"links":[],"name":"Verify that user is able to navigate to \"Arrays in Python\" page","status":"failed","statusDetails":{"known":false,"muted":false,"flaky":false,"message":"Login failed or incorrect page expected [true] but found [false]","trace":"java.lang.AssertionError: Login failed or incorrect page expected [true] but found [false]\r\n\tat org.testng.Assert.fail(Assert.java:111)\r\n\tat org.testng.Assert.failNotEquals(Assert.java:1590)\r\n\tat org.testng.Assert.assertTrue(Assert.java:57)\r\n\tat stepDefinitions.ArraysStep.the_user_is_in_home_page_after_sign_in(ArraysStep.java:50)\r\n\tat ✽.The User is in home page after sign in(file:///C:/Workspace/Ds-Algo2025/src/test/resources/Feature/Arrays.feature:5)\r\n"},"stage":"finished","steps":[{"name":"Given The User is in home page after sign in","status":"failed","statusDetails":{"known":false,"muted":false,"flaky":false,"message":"Login failed or incorrect page expected [true] but found [false]","trace":"java.lang.AssertionError: Login failed or incorrect page expected [true] but found [false]\r\n\tat org.testng.Assert.fail(Assert.java:111)\r\n\tat org.testng.Assert.failNotEquals(Assert.java:1590)\r\n\tat org.testng.Assert.assertTrue(Assert.java:57)\r\n\tat stepDefinitions.ArraysStep.the_user_is_in_home_page_after_sign_in(ArraysStep.java:50)\r\n\tat ✽.The User is in home page after sign in(file:///C:/Workspace/Ds-Algo2025/src/test/resources/Feature/Arrays.feature:5)\r\n"},"stage":"finished","steps":[],"attachments":[],"parameters":[],"start":1746827142504,"stop":1746827145288},{"name":"When The user scrolls down to the Data Structures dropdown and selects Array","status":"skipped","statusDetails":{"known":false,"muted":false,"flaky":false},"stage":"finished","steps":[],"attachments":[],"parameters":[],"start":1746827145304,"stop":1746827145306},{"name":"Then User is navigated to Array Page","status":"skipped","statusDetails":{"known":false,"muted":false,"flaky":false},"stage":"finished","steps":[],"attachments":[],"parameters":[],"start":1746827145306,"stop":1746827145308},{"name":"Given The user is in the Array page","status":"skipped","statusDetails":{"known":false,"muted":false,"flaky":false},"stage":"finished","steps":[],"attachments":[],"parameters":[],"start":1746827145309,"stop":1746827145310},{"name":"When The user clicks Arrays in Python button","status":"skipped","statusDetails":{"known":false,"muted":false,"flaky":false},"stage":"finished","steps":[],"attachments":[],"parameters":[],"start":1746827145310,"stop":1746827145310},{"name":"Then The user should be redirected to Arrays in Python page","status":"skipped","statusDetails":{"known":false,"muted":false,"flaky":false},"stage":"finished","steps":[],"attachments":[],"parameters":[],"start":1746827145311,"stop":1746827145311}],"attachments":[],"parameters":[],"start":1746827138072,"stop":1746827145788}