{"uuid":"698d1faf-9bbe-41fa-b362-d3153b9deb03","historyId":"d228c98107372f79695e76bffda80ed2","testCaseId":"f2db7f7d9dbd6994925f6dead0eaa40d","fullName":"src/test/resources/Feature/Arrays.feature:143","labels":[{"name":"host","value":"LAPTOP-2KQV9F30"},{"name":"thread","value":"2312@LAPTOP-2KQV9F30.main(1)"},{"name":"feature","value":"Arrays PracticeQuestion"},{"name":"story","value":"Verify that user receives Success message on submitting valid python code for Squares of a Sorted Array question"},{"name":"suite","value":"Arrays PracticeQuestion"},{"name":"testClass","value":"Verify that user receives Success message on submitting valid python code for Squares of a Sorted Array question"},{"name":"framework","value":"cucumber4jvm"},{"name":"language","value":"java"},{"name":"gherkin_uri","value":"file:///C:/Workspace/Ds-Algo2025/src/test/resources/Feature/Arrays.feature"},{"name":"package","value":"src.test.resources.Feature.Arrays_feature.Arrays PracticeQuestion"}],"links":[],"name":"Verify that user receives Success message on submitting valid python code for Squares of a Sorted Array question","status":"failed","statusDetails":{"known":false,"muted":false,"flaky":false,"message":"BUG: Expected message 'Submission Successful' but got: 'No tests were collected' expected [true] but found [false]","trace":"java.lang.AssertionError: BUG: Expected message 'Submission Successful' but got: 'No tests were collected' expected [true] but found [false]\r\n\tat org.testng.Assert.fail(Assert.java:111)\r\n\tat org.testng.Assert.failNotEquals(Assert.java:1590)\r\n\tat org.testng.Assert.assertTrue(Assert.java:57)\r\n\tat stepDefinitions.ArraysStep.the_user_gets_success_message_submission_successful_in_the_console(ArraysStep.java:299)\r\n\tat ✽.The user gets success message Submission successful in the console(file:///C:/Workspace/Ds-Algo2025/src/test/resources/Feature/Arrays.feature:146)\r\n"},"stage":"finished","steps":[{"name":"Given The User is in home page after sign in","status":"passed","statusDetails":{"known":false,"muted":false,"flaky":false},"stage":"finished","steps":[],"attachments":[],"parameters":[],"start":1747077974557,"stop":1747077976045},{"name":"When The user scrolls down to the Data Structures dropdown and selects Array","status":"passed","statusDetails":{"known":false,"muted":false,"flaky":false},"stage":"finished","steps":[],"attachments":[],"parameters":[],"start":1747077976046,"stop":1747077976784},{"name":"Then User is navigated to Array Page","status":"passed","statusDetails":{"known":false,"muted":false,"flaky":false},"stage":"finished","steps":[],"attachments":[],"parameters":[],"start":1747077976785,"stop":1747077976849},{"name":"Given The user is on the Squares of a Sorted Array practice question editor","status":"passed","statusDetails":{"known":false,"muted":false,"flaky":false},"stage":"finished","steps":[],"attachments":[],"parameters":[],"start":1747077976850,"stop":1747077979351},{"name":"When The user writes valid code from row number and clicks the Submit Button Sorted Array","status":"passed","statusDetails":{"known":false,"muted":false,"flaky":false},"stage":"finished","steps":[],"attachments":[],"parameters":[],"start":1747077979351,"stop":1747077979563},{"name":"Then The user gets success message Submission successful in the console","status":"failed","statusDetails":{"known":false,"muted":false,"flaky":false,"message":"BUG: Expected message 'Submission Successful' but got: 'No tests were collected' expected [true] but found [false]","trace":"java.lang.AssertionError: BUG: Expected message 'Submission Successful' but got: 'No tests were collected' expected [true] but found [false]\r\n\tat org.testng.Assert.fail(Assert.java:111)\r\n\tat org.testng.Assert.failNotEquals(Assert.java:1590)\r\n\tat org.testng.Assert.assertTrue(Assert.java:57)\r\n\tat stepDefinitions.ArraysStep.the_user_gets_success_message_submission_successful_in_the_console(ArraysStep.java:299)\r\n\tat ✽.The user gets success message Submission successful in the console(file:///C:/Workspace/Ds-Algo2025/src/test/resources/Feature/Arrays.feature:146)\r\n"},"stage":"finished","steps":[],"attachments":[],"parameters":[],"start":1747077979563,"stop":1747077980226}],"attachments":[],"parameters":[],"start":1747077972962,"stop":1747077980602}