{"uuid":"6b39d949-342e-4ba5-9c85-3249412c47c2","historyId":"24dfb0bf7b5075095e270992b8ffb31f","testCaseId":"e7d8dc1946207c413b5684f8213484e0","fullName":"src/test/resources/Feature/Stack.feature:98","labels":[{"name":"host","value":"LAPTOP-2KQV9F30"},{"name":"thread","value":"25536@LAPTOP-2KQV9F30.main(1)"},{"name":"feature","value":"This feature file contain scenario for the Stack module"},{"name":"story","value":"Verify that user is able to navigate to \"Practice Questions\" Page for \"Application\" page"},{"name":"suite","value":"This feature file contain scenario for the Stack module"},{"name":"testClass","value":"Verify that user is able to navigate to \"Practice Questions\" Page for \"Application\" page"},{"name":"framework","value":"cucumber4jvm"},{"name":"language","value":"java"},{"name":"gherkin_uri","value":"file:///C:/Workspace/Ds-Algo2025/src/test/resources/Feature/Stack.feature"},{"name":"package","value":"src.test.resources.Feature.Stack_feature.This feature file contain scenario for the Stack module"}],"links":[],"name":"Verify that user is able to navigate to \"Practice Questions\" Page for \"Application\" page","status":"failed","statusDetails":{"known":false,"muted":false,"flaky":false,"message":"Login failed or incorrect page expected [true] but found [false]","trace":"java.lang.AssertionError: Login failed or incorrect page expected [true] but found [false]\r\n\tat org.testng.Assert.fail(Assert.java:111)\r\n\tat org.testng.Assert.failNotEquals(Assert.java:1590)\r\n\tat org.testng.Assert.assertTrue(Assert.java:57)\r\n\tat stepDefinitions.StackStep.the_user_is_in_the_home_page_after_sign_in(StackStep.java:46)\r\n\tat ✽.The User is in the home page after sign in(file:///C:/Workspace/Ds-Algo2025/src/test/resources/Feature/Stack.feature:6)\r\n"},"stage":"finished","steps":[{"name":"Given The User is in the home page after sign in","status":"failed","statusDetails":{"known":false,"muted":false,"flaky":false,"message":"Login failed or incorrect page expected [true] but found [false]","trace":"java.lang.AssertionError: Login failed or incorrect page expected [true] but found [false]\r\n\tat org.testng.Assert.fail(Assert.java:111)\r\n\tat org.testng.Assert.failNotEquals(Assert.java:1590)\r\n\tat org.testng.Assert.assertTrue(Assert.java:57)\r\n\tat stepDefinitions.StackStep.the_user_is_in_the_home_page_after_sign_in(StackStep.java:46)\r\n\tat ✽.The User is in the home page after sign in(file:///C:/Workspace/Ds-Algo2025/src/test/resources/Feature/Stack.feature:6)\r\n"},"stage":"finished","steps":[],"attachments":[],"parameters":[],"start":1746829335924,"stop":1746829337498},{"name":"When The user scrolls down to the Data Structures dropdown and selects Stack","status":"skipped","statusDetails":{"known":false,"muted":false,"flaky":false},"stage":"finished","steps":[],"attachments":[],"parameters":[],"start":1746829337499,"stop":1746829337500},{"name":"Then User is navigated to Stack Page","status":"skipped","statusDetails":{"known":false,"muted":false,"flaky":false},"stage":"finished","steps":[],"attachments":[],"parameters":[],"start":1746829337500,"stop":1746829337501},{"name":"Given The user is on the Application page","status":"skipped","statusDetails":{"known":false,"muted":false,"flaky":false},"stage":"finished","steps":[],"attachments":[],"parameters":[],"start":1746829337501,"stop":1746829337501},{"name":"When The user clicks Practice Questionb button in stack","status":"skipped","statusDetails":{"known":false,"muted":false,"flaky":false},"stage":"finished","steps":[],"attachments":[],"parameters":[],"start":1746829337503,"stop":1746829337503}],"attachments":[],"parameters":[],"start":1746829333684,"stop":1746829337876}