{"uuid":"6ed1be14-e7b4-4bf3-ae24-7ed35ec14d05","historyId":"f4b42981c9fe6da6993016fdf6461369","testCaseId":"48f54d44a6daf28ce1b321ece5692f2","fullName":"src/test/resources/Feature/Arrays.feature:78","labels":[{"name":"host","value":"LAPTOP-2KQV9F30"},{"name":"thread","value":"17000@LAPTOP-2KQV9F30.main(1)"},{"name":"feature","value":"Arrays PracticeQuestion"},{"name":"story","value":"Verify that user receives error for invalid python code on running Search the array question"},{"name":"suite","value":"Arrays PracticeQuestion"},{"name":"testClass","value":"Verify that user receives error for invalid python code on running Search the array question"},{"name":"framework","value":"cucumber4jvm"},{"name":"language","value":"java"},{"name":"gherkin_uri","value":"file:///C:/Workspace/Ds-Algo2025/src/test/resources/Feature/Arrays.feature"},{"name":"package","value":"src.test.resources.Feature.Arrays_feature.Arrays PracticeQuestion"}],"links":[],"name":"Verify that user receives error for invalid python code on running Search the array question","status":"failed","statusDetails":{"known":false,"muted":false,"flaky":false,"message":"Login failed or incorrect page expected [true] but found [false]","trace":"java.lang.AssertionError: Login failed or incorrect page expected [true] but found [false]\r\n\tat org.testng.Assert.fail(Assert.java:111)\r\n\tat org.testng.Assert.failNotEquals(Assert.java:1590)\r\n\tat org.testng.Assert.assertTrue(Assert.java:57)\r\n\tat stepDefinitions.ArraysStep.the_user_is_in_home_page_after_sign_in(ArraysStep.java:50)\r\n\tat ✽.The User is in home page after sign in(file:///C:/Workspace/Ds-Algo2025/src/test/resources/Feature/Arrays.feature:5)\r\n"},"stage":"finished","steps":[{"name":"Given The User is in home page after sign in","status":"failed","statusDetails":{"known":false,"muted":false,"flaky":false,"message":"Login failed or incorrect page expected [true] but found [false]","trace":"java.lang.AssertionError: Login failed or incorrect page expected [true] but found [false]\r\n\tat org.testng.Assert.fail(Assert.java:111)\r\n\tat org.testng.Assert.failNotEquals(Assert.java:1590)\r\n\tat org.testng.Assert.assertTrue(Assert.java:57)\r\n\tat stepDefinitions.ArraysStep.the_user_is_in_home_page_after_sign_in(ArraysStep.java:50)\r\n\tat ✽.The User is in home page after sign in(file:///C:/Workspace/Ds-Algo2025/src/test/resources/Feature/Arrays.feature:5)\r\n"},"stage":"finished","steps":[],"attachments":[],"parameters":[],"start":1746827838556,"stop":1746827840682},{"name":"When The user scrolls down to the Data Structures dropdown and selects Array","status":"skipped","statusDetails":{"known":false,"muted":false,"flaky":false},"stage":"finished","steps":[],"attachments":[],"parameters":[],"start":1746827840684,"stop":1746827840685},{"name":"Then User is navigated to Array Page","status":"skipped","statusDetails":{"known":false,"muted":false,"flaky":false},"stage":"finished","steps":[],"attachments":[],"parameters":[],"start":1746827840686,"stop":1746827840687},{"name":"Given The user is on the Max Consecutive Ones practice question editor","status":"skipped","statusDetails":{"known":false,"muted":false,"flaky":false},"stage":"finished","steps":[],"attachments":[],"parameters":[],"start":1746827840687,"stop":1746827840688},{"name":"When The user writes invalid code from row number and clicks the Run Button Max Consecutive Ones","status":"skipped","statusDetails":{"known":false,"muted":false,"flaky":false},"stage":"finished","steps":[],"attachments":[],"parameters":[],"start":1746827840688,"stop":1746827840689},{"name":"Then The user must see an error message in the alert window","status":"skipped","statusDetails":{"known":false,"muted":false,"flaky":false},"stage":"finished","steps":[],"attachments":[],"parameters":[],"start":1746827840690,"stop":1746827840690}],"attachments":[],"parameters":[],"start":1746827836542,"stop":1746827841073}