{"uuid":"784cb904-dfd6-4649-b87e-5dcb10302572","historyId":"8c6dc14f0c05cd258a22813bfda0c437","testCaseId":"aaaa46eb78442873ecb372f2cabfdb78","fullName":"src/test/resources/Feature/Stack.feature:21","labels":[{"name":"host","value":"LAPTOP-2KQV9F30"},{"name":"thread","value":"2312@LAPTOP-2KQV9F30.main(1)"},{"name":"feature","value":"This feature file contain scenario for the Stack module"},{"name":"story","value":"Verify that user receives error when click on Run button without entering code for \"Operations in Stack\" page"},{"name":"suite","value":"This feature file contain scenario for the Stack module"},{"name":"testClass","value":"Verify that user receives error when click on Run button without entering code for \"Operations in Stack\" page"},{"name":"framework","value":"cucumber4jvm"},{"name":"language","value":"java"},{"name":"gherkin_uri","value":"file:///C:/Workspace/Ds-Algo2025/src/test/resources/Feature/Stack.feature"},{"name":"package","value":"src.test.resources.Feature.Stack_feature.This feature file contain scenario for the Stack module"}],"links":[],"name":"Verify that user receives error when click on Run button without entering code for \"Operations in Stack\" page","status":"failed","statusDetails":{"known":false,"muted":false,"flaky":false,"message":"Bug: No alert displayed when clicking Run without entering code.","trace":"java.lang.AssertionError: Bug: No alert displayed when clicking Run without entering code.\r\n\tat org.testng.Assert.fail(Assert.java:111)\r\n\tat stepDefinitions.StackStep.the_user_is_able_to_see_an_error_message_in_alert_window(StackStep.java:128)\r\n\tat ✽.The user is able to see an error message in alert window(file:///C:/Workspace/Ds-Algo2025/src/test/resources/Feature/Stack.feature:24)\r\n"},"stage":"finished","steps":[{"name":"Given The User is in the home page after sign in","status":"passed","statusDetails":{"known":false,"muted":false,"flaky":false},"stage":"finished","steps":[],"attachments":[],"parameters":[],"start":1747078045334,"stop":1747078046762},{"name":"When The user scrolls down to the Data Structures dropdown and selects Stack","status":"passed","statusDetails":{"known":false,"muted":false,"flaky":false},"stage":"finished","steps":[],"attachments":[],"parameters":[],"start":1747078046762,"stop":1747078047550},{"name":"Then User is navigated to Stack Page","status":"passed","statusDetails":{"known":false,"muted":false,"flaky":false},"stage":"finished","steps":[],"attachments":[],"parameters":[],"start":1747078047552,"stop":1747078047602},{"name":"Given The user is in the Stacks tryEditor page","status":"passed","statusDetails":{"known":false,"muted":false,"flaky":false},"stage":"finished","steps":[],"attachments":[],"parameters":[],"start":1747078047602,"stop":1747078049155},{"name":"When The user clicks Run button without entering the code in the stacks tryEditor","status":"passed","statusDetails":{"known":false,"muted":false,"flaky":false},"stage":"finished","steps":[],"attachments":[],"parameters":[],"start":1747078049156,"stop":1747078049298},{"name":"Then The user is able to see an error message in alert window","status":"failed","statusDetails":{"known":false,"muted":false,"flaky":false,"message":"Bug: No alert displayed when clicking Run without entering code.","trace":"java.lang.AssertionError: Bug: No alert displayed when clicking Run without entering code.\r\n\tat org.testng.Assert.fail(Assert.java:111)\r\n\tat stepDefinitions.StackStep.the_user_is_able_to_see_an_error_message_in_alert_window(StackStep.java:128)\r\n\tat ✽.The user is able to see an error message in alert window(file:///C:/Workspace/Ds-Algo2025/src/test/resources/Feature/Stack.feature:24)\r\n"},"stage":"finished","steps":[],"attachments":[],"parameters":[],"start":1747078049298,"stop":1747078049304}],"attachments":[],"parameters":[],"start":1747078043704,"stop":1747078049646}