{"uuid":"808fb1e8-2b7a-47cf-beb0-48f02d964697","historyId":"e18ebec02c8689fe59f816645f9b3433","testCaseId":"28033fecee2b3e7912738b9d3a3dfe81","fullName":"src/test/resources/Feature/Stack.feature:52","labels":[{"name":"host","value":"DESKTOP-TCJEROD"},{"name":"thread","value":"26732@DESKTOP-TCJEROD.TestNG-PoolService-1(25)"},{"name":"feature","value":"This feature file contain scenario for the Stack module"},{"name":"story","value":"Verify that user receives error when click on Run button without entering code for \"Implementation\" page"},{"name":"suite","value":"This feature file contain scenario for the Stack module"},{"name":"testClass","value":"Verify that user receives error when click on Run button without entering code for \"Implementation\" page"},{"name":"framework","value":"cucumber4jvm"},{"name":"language","value":"java"},{"name":"gherkin_uri","value":"file:///C:/Users/Kruthi/dsAlgo2025/Ds-Algo2025/src/test/resources/Feature/Stack.feature"},{"name":"package","value":"src.test.resources.Feature.Stack_feature.This feature file contain scenario for the Stack module"}],"links":[],"name":"Verify that user receives error when click on Run button without entering code for \"Implementation\" page","status":"failed","statusDetails":{"known":false,"muted":false,"flaky":false,"message":"Bug: No alert displayed when clicking Run without entering code.","trace":"java.lang.AssertionError: Bug: No alert displayed when clicking Run without entering code.\r\n\tat org.testng.Assert.fail(Assert.java:111)\r\n\tat stepDefinitions.StackStep.the_user_is_able_to_see_an_error_message_in_alert_window(StackStep.java:117)\r\n\tat ✽.The user is able to see an error message in alert window(file:///C:/Users/Kruthi/dsAlgo2025/Ds-Algo2025/src/test/resources/Feature/Stack.feature:55)\r\n"},"stage":"finished","steps":[{"name":"Given The User is in the home page after sign in","status":"passed","statusDetails":{"known":false,"muted":false,"flaky":false},"stage":"finished","steps":[],"attachments":[],"parameters":[],"start":1747078152094,"stop":1747078156398},{"name":"When The user scrolls down to the Data Structures dropdown and selects Stack","status":"passed","statusDetails":{"known":false,"muted":false,"flaky":false},"stage":"finished","steps":[],"attachments":[],"parameters":[],"start":1747078156399,"stop":1747078159654},{"name":"Then User is navigated to Stack Page","status":"passed","statusDetails":{"known":false,"muted":false,"flaky":false},"stage":"finished","steps":[],"attachments":[],"parameters":[],"start":1747078159654,"stop":1747078159983},{"name":"Given The user is in the Stacks tryEditor page","status":"passed","statusDetails":{"known":false,"muted":false,"flaky":false},"stage":"finished","steps":[],"attachments":[],"parameters":[],"start":1747078159983,"stop":1747078166023},{"name":"When The user clicks Run button without entering the code in the stacks tryEditor","status":"passed","statusDetails":{"known":false,"muted":false,"flaky":false},"stage":"finished","steps":[],"attachments":[],"parameters":[],"start":1747078166024,"stop":1747078166440},{"name":"Then The user is able to see an error message in alert window","status":"failed","statusDetails":{"known":false,"muted":false,"flaky":false,"message":"Bug: No alert displayed when clicking Run without entering code.","trace":"java.lang.AssertionError: Bug: No alert displayed when clicking Run without entering code.\r\n\tat org.testng.Assert.fail(Assert.java:111)\r\n\tat stepDefinitions.StackStep.the_user_is_able_to_see_an_error_message_in_alert_window(StackStep.java:117)\r\n\tat ✽.The user is able to see an error message in alert window(file:///C:/Users/Kruthi/dsAlgo2025/Ds-Algo2025/src/test/resources/Feature/Stack.feature:55)\r\n"},"stage":"finished","steps":[],"attachments":[],"parameters":[],"start":1747078166440,"stop":1747078166456}],"attachments":[],"parameters":[],"start":1747078148204,"stop":1747078209361}