{"uuid":"88dd4dd0-191e-49d3-9e1e-919b2eb4b764","historyId":"ccf7e1fca53cdcbc76d36178756053b3","testCaseId":"f2db7f7d9dbd6994925f6dead0eaa40d","fullName":"src/test/resources/Feature/Arrays.feature:126","labels":[{"name":"host","value":"DESKTOP-TCJEROD"},{"name":"thread","value":"4612@DESKTOP-TCJEROD.main(1)"},{"name":"feature","value":"Arrays PracticeQuestion"},{"name":"story","value":"Verify that user receives Success message on submitting valid python code for Squares of a Sorted Array question"},{"name":"suite","value":"Arrays PracticeQuestion"},{"name":"testClass","value":"Verify that user receives Success message on submitting valid python code for Squares of a Sorted Array question"},{"name":"framework","value":"cucumber4jvm"},{"name":"language","value":"java"},{"name":"gherkin_uri","value":"file:///C:/Users/Kruthi/dsAlgo2025/Ds-Algo2025/src/test/resources/Feature/Arrays.feature"},{"name":"package","value":"src.test.resources.Feature.Arrays_feature.Arrays PracticeQuestion"}],"links":[],"name":"Verify that user receives Success message on submitting valid python code for Squares of a Sorted Array question","status":"failed","statusDetails":{"known":false,"muted":false,"flaky":false,"message":"BUG: Expected message 'Submission Successful' but got: 'No tests were collected' expected [true] but found [false]","trace":"java.lang.AssertionError: BUG: Expected message 'Submission Successful' but got: 'No tests were collected' expected [true] but found [false]\r\n\tat org.testng.Assert.fail(Assert.java:111)\r\n\tat org.testng.Assert.failNotEquals(Assert.java:1590)\r\n\tat org.testng.Assert.assertTrue(Assert.java:57)\r\n\tat stepDefinitions.ArraysStep.the_user_gets_success_message_submission_successful_in_the_console(ArraysStep.java:289)\r\n\tat ✽.The user gets success message Submission successful in the console(file:///C:/Users/Kruthi/dsAlgo2025/Ds-Algo2025/src/test/resources/Feature/Arrays.feature:129)\r\n"},"stage":"finished","steps":[{"name":"Given The User is in home page after sign in","status":"passed","statusDetails":{"known":false,"muted":false,"flaky":false},"stage":"finished","steps":[],"attachments":[],"parameters":[],"start":1747084624389,"stop":1747084626206},{"name":"When The user scrolls down to the Data Structures dropdown and selects Array","status":"passed","statusDetails":{"known":false,"muted":false,"flaky":false},"stage":"finished","steps":[],"attachments":[],"parameters":[],"start":1747084626207,"stop":1747084626981},{"name":"Then User is navigated to Array Page","status":"passed","statusDetails":{"known":false,"muted":false,"flaky":false},"stage":"finished","steps":[],"attachments":[],"parameters":[],"start":1747084626981,"stop":1747084627036},{"name":"Given The user is on the Squares of a Sorted Array practice question editor","status":"passed","statusDetails":{"known":false,"muted":false,"flaky":false},"stage":"finished","steps":[],"attachments":[],"parameters":[],"start":1747084627037,"stop":1747084631141},{"name":"When The user writes valid code from row number and clicks the Submit Button Sorted Array","status":"passed","statusDetails":{"known":false,"muted":false,"flaky":false},"stage":"finished","steps":[],"attachments":[],"parameters":[],"start":1747084631142,"stop":1747084631351},{"name":"Then The user gets success message Submission successful in the console","status":"failed","statusDetails":{"known":false,"muted":false,"flaky":false,"message":"BUG: Expected message 'Submission Successful' but got: 'No tests were collected' expected [true] but found [false]","trace":"java.lang.AssertionError: BUG: Expected message 'Submission Successful' but got: 'No tests were collected' expected [true] but found [false]\r\n\tat org.testng.Assert.fail(Assert.java:111)\r\n\tat org.testng.Assert.failNotEquals(Assert.java:1590)\r\n\tat org.testng.Assert.assertTrue(Assert.java:57)\r\n\tat stepDefinitions.ArraysStep.the_user_gets_success_message_submission_successful_in_the_console(ArraysStep.java:289)\r\n\tat ✽.The user gets success message Submission successful in the console(file:///C:/Users/Kruthi/dsAlgo2025/Ds-Algo2025/src/test/resources/Feature/Arrays.feature:129)\r\n"},"stage":"finished","steps":[],"attachments":[],"parameters":[],"start":1747084631351,"stop":1747084631978}],"attachments":[],"parameters":[],"start":1747084622158,"stop":1747084632522}