{"uuid":"a1dfac59-9406-489f-bdff-8f2bbbf129c9","historyId":"e351ca1fbccdaa005780c7edf1ee80a9","testCaseId":"4314091cb81a6edccf107e166bd147ff","fullName":"src/test/resources/Feature/Arrays.feature:22","labels":[{"name":"tag","value":"bug"},{"name":"host","value":"LAPTOP-2KQV9F30"},{"name":"thread","value":"26076@LAPTOP-2KQV9F30.main(1)"},{"name":"feature","value":"Arrays PracticeQuestion"},{"name":"story","value":"Verify that user receives error when click on Run button without entering code for \"Arrays in Python\" page"},{"name":"suite","value":"Arrays PracticeQuestion"},{"name":"testClass","value":"Verify that user receives error when click on Run button without entering code for \"Arrays in Python\" page"},{"name":"framework","value":"cucumber4jvm"},{"name":"language","value":"java"},{"name":"gherkin_uri","value":"file:///C:/Workspace/Ds-Algo2025/src/test/resources/Feature/Arrays.feature"},{"name":"package","value":"src.test.resources.Feature.Arrays_feature.Arrays PracticeQuestion"}],"links":[],"name":"Verify that user receives error when click on Run button without entering code for \"Arrays in Python\" page","status":"failed","statusDetails":{"known":false,"muted":false,"flaky":false,"message":"Bug: No alert displayed when clicking Run without entering code.","trace":"java.lang.AssertionError: Bug: No alert displayed when clicking Run without entering code.\r\n\tat org.testng.Assert.fail(Assert.java:111)\r\n\tat stepDefinitions.ArraysStep.the_user_should_see_an_error_message_in_alert_window(ArraysStep.java:121)\r\n\tat ✽.The user should see an error message in alert window(file:///C:/Workspace/Ds-Algo2025/src/test/resources/Feature/Arrays.feature:25)\r\n"},"stage":"finished","steps":[{"name":"Given The User is in home page after sign in","status":"passed","statusDetails":{"known":false,"muted":false,"flaky":false},"stage":"finished","steps":[],"attachments":[],"parameters":[],"start":1746826740800,"stop":1746826742575},{"name":"When The user scrolls down to the Data Structures dropdown and selects Array","status":"passed","statusDetails":{"known":false,"muted":false,"flaky":false},"stage":"finished","steps":[],"attachments":[],"parameters":[],"start":1746826742578,"stop":1746826743392},{"name":"Then User is navigated to Array Page","status":"passed","statusDetails":{"known":false,"muted":false,"flaky":false},"stage":"finished","steps":[],"attachments":[],"parameters":[],"start":1746826743393,"stop":1746826743482},{"name":"Given The user is on the Arrays tryEditor page","status":"passed","statusDetails":{"known":false,"muted":false,"flaky":false},"stage":"finished","steps":[],"attachments":[],"parameters":[],"start":1746826743483,"stop":1746826745267},{"name":"When The user clicks on the Run button without entering the code in the Editor","status":"passed","statusDetails":{"known":false,"muted":false,"flaky":false},"stage":"finished","steps":[],"attachments":[],"parameters":[],"start":1746826745268,"stop":1746826745542},{"name":"Then The user should see an error message in alert window","status":"failed","statusDetails":{"known":false,"muted":false,"flaky":false,"message":"Bug: No alert displayed when clicking Run without entering code.","trace":"java.lang.AssertionError: Bug: No alert displayed when clicking Run without entering code.\r\n\tat org.testng.Assert.fail(Assert.java:111)\r\n\tat stepDefinitions.ArraysStep.the_user_should_see_an_error_message_in_alert_window(ArraysStep.java:121)\r\n\tat ✽.The user should see an error message in alert window(file:///C:/Workspace/Ds-Algo2025/src/test/resources/Feature/Arrays.feature:25)\r\n"},"stage":"finished","steps":[],"attachments":[],"parameters":[],"start":1746826745543,"stop":1746826745575}],"attachments":[],"parameters":[],"start":1746826738219,"stop":1746826746003}