{"uuid":"ae71e119-706c-4405-ae45-6d9554603c00","historyId":"11216b021cf8c463b96c51af4ff64501","testCaseId":"9979b38b07d603775f6afc8ee5003ef6","fullName":"src/test/resources/Feature/Tree.feature:65","labels":[{"name":"host","value":"DESKTOP-TCJEROD"},{"name":"thread","value":"13716@DESKTOP-TCJEROD.main(1)"},{"name":"feature","value":"To test Tree functionality"},{"name":"story","value":"Verify that user recieves error messgae on click on run button without entering code"},{"name":"suite","value":"To test Tree functionality"},{"name":"testClass","value":"Verify that user recieves error messgae on click on run button without entering code"},{"name":"framework","value":"cucumber4jvm"},{"name":"language","value":"java"},{"name":"gherkin_uri","value":"file:///C:/Users/Kruthi/dsAlgo2025/Ds-Algo2025/src/test/resources/Feature/Tree.feature"},{"name":"package","value":"src.test.resources.Feature.Tree_feature.To test Tree functionality"}],"links":[],"name":"Verify that user recieves error messgae on click on run button without entering code","status":"failed","statusDetails":{"known":false,"muted":false,"flaky":false,"message":"expected [true] but found [false]","trace":"java.lang.AssertionError: expected [true] but found [false]\r\n\tat org.testng.Assert.fail(Assert.java:111)\r\n\tat org.testng.Assert.failNotEquals(Assert.java:1590)\r\n\tat org.testng.Assert.assertTrue(Assert.java:57)\r\n\tat org.testng.Assert.assertTrue(Assert.java:67)\r\n\tat stepDefinitions.TreeSteps.user_should_see_error_message_in_alert_window(TreeSteps.java:132)\r\n\tat ✽.user should see  error message in alert window(file:///C:/Users/Kruthi/dsAlgo2025/Ds-Algo2025/src/test/resources/Feature/Tree.feature:68)\r\n"},"stage":"finished","steps":[{"name":"Given user is signed into dsalgoapp","status":"passed","statusDetails":{"known":false,"muted":false,"flaky":false},"stage":"finished","steps":[],"attachments":[],"parameters":[],"start":1746908914945,"stop":1746908916694},{"name":"When user cliks on TreeGetStarted button","status":"passed","statusDetails":{"known":false,"muted":false,"flaky":false},"stage":"finished","steps":[],"attachments":[],"parameters":[],"start":1746908916694,"stop":1746908917557},{"name":"Then user lands  on the \"Tree\" page","status":"passed","statusDetails":{"known":false,"muted":false,"flaky":false},"stage":"finished","steps":[],"attachments":[],"parameters":[],"start":1746908917558,"stop":1746908917573},{"name":"Given user is on the try Editor page","status":"passed","statusDetails":{"known":false,"muted":false,"flaky":false},"stage":"finished","steps":[],"attachments":[],"parameters":[],"start":1746908917574,"stop":1746908922116},{"name":"When user clicks on the run button without code","status":"passed","statusDetails":{"known":false,"muted":false,"flaky":false},"stage":"finished","steps":[],"attachments":[],"parameters":[],"start":1746908922116,"stop":1746908922303},{"name":"Then user should see  error message in alert window","status":"failed","statusDetails":{"known":false,"muted":false,"flaky":false,"message":"expected [true] but found [false]","trace":"java.lang.AssertionError: expected [true] but found [false]\r\n\tat org.testng.Assert.fail(Assert.java:111)\r\n\tat org.testng.Assert.failNotEquals(Assert.java:1590)\r\n\tat org.testng.Assert.assertTrue(Assert.java:57)\r\n\tat org.testng.Assert.assertTrue(Assert.java:67)\r\n\tat stepDefinitions.TreeSteps.user_should_see_error_message_in_alert_window(TreeSteps.java:132)\r\n\tat ✽.user should see  error message in alert window(file:///C:/Users/Kruthi/dsAlgo2025/Ds-Algo2025/src/test/resources/Feature/Tree.feature:68)\r\n"},"stage":"finished","steps":[],"attachments":[],"parameters":[],"start":1746908922303,"stop":1746908922305}],"attachments":[],"parameters":[],"start":1746908913131,"stop":1746908922622}