{"uuid":"b27794d9-cebc-4580-9ab1-22b68bd453c4","historyId":"9e2ad74fcdd268c3b2f35f75281c20cd","testCaseId":"a4e980d27bbf97fca3e9368d5f970f7d","fullName":"src/test/resources/Feature/Arrays.feature:121","labels":[{"name":"host","value":"DESKTOP-TCJEROD"},{"name":"thread","value":"4612@DESKTOP-TCJEROD.main(1)"},{"name":"feature","value":"Arrays PracticeQuestion"},{"name":"story","value":"Verify that user receives error on submitting invalid python code for Squares of a Sorted Array question"},{"name":"suite","value":"Arrays PracticeQuestion"},{"name":"testClass","value":"Verify that user receives error on submitting invalid python code for Squares of a Sorted Array question"},{"name":"framework","value":"cucumber4jvm"},{"name":"language","value":"java"},{"name":"gherkin_uri","value":"file:///C:/Users/Kruthi/dsAlgo2025/Ds-Algo2025/src/test/resources/Feature/Arrays.feature"},{"name":"package","value":"src.test.resources.Feature.Arrays_feature.Arrays PracticeQuestion"}],"links":[],"name":"Verify that user receives error on submitting invalid python code for Squares of a Sorted Array question","status":"failed","statusDetails":{"known":false,"muted":false,"flaky":false,"message":"BUG: Expected message 'Error occurred' but got: 'No tests were collected' expected [true] but found [false]","trace":"java.lang.AssertionError: BUG: Expected message 'Error occurred' but got: 'No tests were collected' expected [true] but found [false]\r\n\tat org.testng.Assert.fail(Assert.java:111)\r\n\tat org.testng.Assert.failNotEquals(Assert.java:1590)\r\n\tat org.testng.Assert.assertTrue(Assert.java:57)\r\n\tat stepDefinitions.ArraysStep.the_user_gets_error_message_error_occurred_during_submission_in_the_console(ArraysStep.java:270)\r\n\tat ✽.The user gets error message Error occurred during submission in the console(file:///C:/Users/Kruthi/dsAlgo2025/Ds-Algo2025/src/test/resources/Feature/Arrays.feature:124)\r\n"},"stage":"finished","steps":[{"name":"Given The User is in home page after sign in","status":"passed","statusDetails":{"known":false,"muted":false,"flaky":false},"stage":"finished","steps":[],"attachments":[],"parameters":[],"start":1747084615425,"stop":1747084616901},{"name":"When The user scrolls down to the Data Structures dropdown and selects Array","status":"passed","statusDetails":{"known":false,"muted":false,"flaky":false},"stage":"finished","steps":[],"attachments":[],"parameters":[],"start":1747084616902,"stop":1747084617621},{"name":"Then User is navigated to Array Page","status":"passed","statusDetails":{"known":false,"muted":false,"flaky":false},"stage":"finished","steps":[],"attachments":[],"parameters":[],"start":1747084617621,"stop":1747084617681},{"name":"Given The user is on the Squares of a Sorted Array practice question editor","status":"passed","statusDetails":{"known":false,"muted":false,"flaky":false},"stage":"finished","steps":[],"attachments":[],"parameters":[],"start":1747084617681,"stop":1747084620819},{"name":"When The user writes invalid code from row number and clicks the Submit Button Sorted Array","status":"passed","statusDetails":{"known":false,"muted":false,"flaky":false},"stage":"finished","steps":[],"attachments":[],"parameters":[],"start":1747084620819,"stop":1747084620998},{"name":"Then The user gets error message Error occurred during submission in the console","status":"failed","statusDetails":{"known":false,"muted":false,"flaky":false,"message":"BUG: Expected message 'Error occurred' but got: 'No tests were collected' expected [true] but found [false]","trace":"java.lang.AssertionError: BUG: Expected message 'Error occurred' but got: 'No tests were collected' expected [true] but found [false]\r\n\tat org.testng.Assert.fail(Assert.java:111)\r\n\tat org.testng.Assert.failNotEquals(Assert.java:1590)\r\n\tat org.testng.Assert.assertTrue(Assert.java:57)\r\n\tat stepDefinitions.ArraysStep.the_user_gets_error_message_error_occurred_during_submission_in_the_console(ArraysStep.java:270)\r\n\tat ✽.The user gets error message Error occurred during submission in the console(file:///C:/Users/Kruthi/dsAlgo2025/Ds-Algo2025/src/test/resources/Feature/Arrays.feature:124)\r\n"},"stage":"finished","steps":[],"attachments":[],"parameters":[],"start":1747084620998,"stop":1747084621642}],"attachments":[],"parameters":[],"start":1747084613157,"stop":1747084622138}