{"uuid":"e4af31e6-7e97-4bde-9f8a-5117c27bf6c8","historyId":"bc2e6c54249f6d61fdc0d8ef0340ad43","testCaseId":"bd30a3da7590ddee7efc1a26302e23ff","fullName":"src/test/resources/Feature/Arrays.feature:119","labels":[{"name":"host","value":"LAPTOP-2KQV9F30"},{"name":"thread","value":"3608@LAPTOP-2KQV9F30.main(1)"},{"name":"feature","value":"Arrays PracticeQuestion"},{"name":"story","value":"Verify that user receives Success message on submitting valid python code for Find Numbers with Even Number of Digits question"},{"name":"suite","value":"Arrays PracticeQuestion"},{"name":"testClass","value":"Verify that user receives Success message on submitting valid python code for Find Numbers with Even Number of Digits question"},{"name":"framework","value":"cucumber4jvm"},{"name":"language","value":"java"},{"name":"gherkin_uri","value":"file:///C:/Workspace/Ds-Algo2025/src/test/resources/Feature/Arrays.feature"},{"name":"package","value":"src.test.resources.Feature.Arrays_feature.Arrays PracticeQuestion"}],"links":[],"name":"Verify that user receives Success message on submitting valid python code for Find Numbers with Even Number of Digits question","status":"failed","statusDetails":{"known":false,"muted":false,"flaky":false,"message":"BUG: Expected message 'Submission Successful' but got: 'Error occurred during submission' expected [true] but found [false]","trace":"java.lang.AssertionError: BUG: Expected message 'Submission Successful' but got: 'Error occurred during submission' expected [true] but found [false]\r\n\tat org.testng.Assert.fail(Assert.java:111)\r\n\tat org.testng.Assert.failNotEquals(Assert.java:1590)\r\n\tat org.testng.Assert.assertTrue(Assert.java:57)\r\n\tat stepDefinitions.ArraysStep.the_user_gets_success_message_submission_successful_in_the_console(ArraysStep.java:299)\r\n\tat ✽.The user gets success message Submission successful in the console(file:///C:/Workspace/Ds-Algo2025/src/test/resources/Feature/Arrays.feature:122)\r\n"},"stage":"finished","steps":[{"name":"Given The User is in home page after sign in","status":"passed","statusDetails":{"known":false,"muted":false,"flaky":false},"stage":"finished","steps":[],"attachments":[],"parameters":[],"start":1746829851229,"stop":1746829853286},{"name":"When The user scrolls down to the Data Structures dropdown and selects Array","status":"passed","statusDetails":{"known":false,"muted":false,"flaky":false},"stage":"finished","steps":[],"attachments":[],"parameters":[],"start":1746829853286,"stop":1746829854349},{"name":"Then User is navigated to Array Page","status":"passed","statusDetails":{"known":false,"muted":false,"flaky":false},"stage":"finished","steps":[],"attachments":[],"parameters":[],"start":1746829854351,"stop":1746829854448},{"name":"Given The user is on the Find Numbers practice question editor","status":"passed","statusDetails":{"known":false,"muted":false,"flaky":false},"stage":"finished","steps":[],"attachments":[],"parameters":[],"start":1746829854449,"stop":1746829857341},{"name":"When The user writes valid code from row number and clicks the Submit Button Find Numbers","status":"passed","statusDetails":{"known":false,"muted":false,"flaky":false},"stage":"finished","steps":[],"attachments":[],"parameters":[],"start":1746829857342,"stop":1746829857653},{"name":"Then The user gets success message Submission successful in the console","status":"failed","statusDetails":{"known":false,"muted":false,"flaky":false,"message":"BUG: Expected message 'Submission Successful' but got: 'Error occurred during submission' expected [true] but found [false]","trace":"java.lang.AssertionError: BUG: Expected message 'Submission Successful' but got: 'Error occurred during submission' expected [true] but found [false]\r\n\tat org.testng.Assert.fail(Assert.java:111)\r\n\tat org.testng.Assert.failNotEquals(Assert.java:1590)\r\n\tat org.testng.Assert.assertTrue(Assert.java:57)\r\n\tat stepDefinitions.ArraysStep.the_user_gets_success_message_submission_successful_in_the_console(ArraysStep.java:299)\r\n\tat ✽.The user gets success message Submission successful in the console(file:///C:/Workspace/Ds-Algo2025/src/test/resources/Feature/Arrays.feature:122)\r\n"},"stage":"finished","steps":[],"attachments":[],"parameters":[],"start":1746829857655,"stop":1746829858407}],"attachments":[],"parameters":[],"start":1746829849236,"stop":1746829858845}