{"uuid":"e54beb86-5ba5-44cb-a0a3-4df74e55f85f","historyId":"a40ed689742e81faffddcca0670cf08b","testCaseId":"880605810094199c002602229706868b","fullName":"src/test/resources/Feature/Stack.feature:83","labels":[{"name":"host","value":"DESKTOP-TCJEROD"},{"name":"thread","value":"16684@DESKTOP-TCJEROD.TestNG-PoolService-3(27)"},{"name":"feature","value":"This feature file contain scenario for the Stack module"},{"name":"story","value":"Verify that user receives error when click on Run button without entering code for \"Application\" page"},{"name":"suite","value":"This feature file contain scenario for the Stack module"},{"name":"testClass","value":"Verify that user receives error when click on Run button without entering code for \"Application\" page"},{"name":"framework","value":"cucumber4jvm"},{"name":"language","value":"java"},{"name":"gherkin_uri","value":"file:///C:/Users/Kruthi/dsAlgo2025/Ds-Algo2025/src/test/resources/Feature/Stack.feature"},{"name":"package","value":"src.test.resources.Feature.Stack_feature.This feature file contain scenario for the Stack module"}],"links":[],"name":"Verify that user receives error when click on Run button without entering code for \"Application\" page","status":"failed","statusDetails":{"known":false,"muted":false,"flaky":false,"message":"Bug: No alert displayed when clicking Run without entering code.","trace":"java.lang.AssertionError: Bug: No alert displayed when clicking Run without entering code.\r\n\tat org.testng.Assert.fail(Assert.java:111)\r\n\tat stepDefinitions.StackStep.the_user_is_able_to_see_an_error_message_in_alert_window(StackStep.java:117)\r\n\tat ✽.The user is able to see an error message in alert window(file:///C:/Users/Kruthi/dsAlgo2025/Ds-Algo2025/src/test/resources/Feature/Stack.feature:86)\r\n"},"stage":"finished","steps":[{"name":"Given The User is in the home page after sign in","status":"passed","statusDetails":{"known":false,"muted":false,"flaky":false},"stage":"finished","steps":[],"attachments":[],"parameters":[],"start":1747071393340,"stop":1747071408257},{"name":"When The user scrolls down to the Data Structures dropdown and selects Stack","status":"passed","statusDetails":{"known":false,"muted":false,"flaky":false},"stage":"finished","steps":[],"attachments":[],"parameters":[],"start":1747071408258,"stop":1747071411855},{"name":"Then User is navigated to Stack Page","status":"passed","statusDetails":{"known":false,"muted":false,"flaky":false},"stage":"finished","steps":[],"attachments":[],"parameters":[],"start":1747071411855,"stop":1747071412103},{"name":"Given The user is in the Stacks tryEditor page","status":"passed","statusDetails":{"known":false,"muted":false,"flaky":false},"stage":"finished","steps":[],"attachments":[],"parameters":[],"start":1747071412103,"stop":1747071419227},{"name":"When The user clicks Run button without entering the code in the stacks tryEditor","status":"passed","statusDetails":{"known":false,"muted":false,"flaky":false},"stage":"finished","steps":[],"attachments":[],"parameters":[],"start":1747071419228,"stop":1747071419777},{"name":"Then The user is able to see an error message in alert window","status":"failed","statusDetails":{"known":false,"muted":false,"flaky":false,"message":"Bug: No alert displayed when clicking Run without entering code.","trace":"java.lang.AssertionError: Bug: No alert displayed when clicking Run without entering code.\r\n\tat org.testng.Assert.fail(Assert.java:111)\r\n\tat stepDefinitions.StackStep.the_user_is_able_to_see_an_error_message_in_alert_window(StackStep.java:117)\r\n\tat ✽.The user is able to see an error message in alert window(file:///C:/Users/Kruthi/dsAlgo2025/Ds-Algo2025/src/test/resources/Feature/Stack.feature:86)\r\n"},"stage":"finished","steps":[],"attachments":[],"parameters":[],"start":1747071419778,"stop":1747071419785}],"attachments":[],"parameters":[],"start":1747071377840,"stop":1747071446720}