{"uuid":"f37d13a5-9fa4-4fc9-bea6-464c2c532839","historyId":"1a56ff4e9c4deb7b7fe83e682cc6f6e1","testCaseId":"797d18103761459bcc77c162c0fff020","fullName":"src/test/resources/Feature/Stack.feature:42","labels":[{"name":"host","value":"LAPTOP-2KQV9F30"},{"name":"thread","value":"25536@LAPTOP-2KQV9F30.main(1)"},{"name":"feature","value":"This feature file contain scenario for the Stack module"},{"name":"story","value":"Verify that user is able to navigate to \"Implementation\" page"},{"name":"suite","value":"This feature file contain scenario for the Stack module"},{"name":"testClass","value":"Verify that user is able to navigate to \"Implementation\" page"},{"name":"framework","value":"cucumber4jvm"},{"name":"language","value":"java"},{"name":"gherkin_uri","value":"file:///C:/Workspace/Ds-Algo2025/src/test/resources/Feature/Stack.feature"},{"name":"package","value":"src.test.resources.Feature.Stack_feature.This feature file contain scenario for the Stack module"}],"links":[],"name":"Verify that user is able to navigate to \"Implementation\" page","status":"failed","statusDetails":{"known":false,"muted":false,"flaky":false,"message":"Login failed or incorrect page expected [true] but found [false]","trace":"java.lang.AssertionError: Login failed or incorrect page expected [true] but found [false]\r\n\tat org.testng.Assert.fail(Assert.java:111)\r\n\tat org.testng.Assert.failNotEquals(Assert.java:1590)\r\n\tat org.testng.Assert.assertTrue(Assert.java:57)\r\n\tat stepDefinitions.StackStep.the_user_is_in_the_home_page_after_sign_in(StackStep.java:46)\r\n\tat ✽.The User is in the home page after sign in(file:///C:/Workspace/Ds-Algo2025/src/test/resources/Feature/Stack.feature:6)\r\n"},"stage":"finished","steps":[{"name":"Given The User is in the home page after sign in","status":"failed","statusDetails":{"known":false,"muted":false,"flaky":false,"message":"Login failed or incorrect page expected [true] but found [false]","trace":"java.lang.AssertionError: Login failed or incorrect page expected [true] but found [false]\r\n\tat org.testng.Assert.fail(Assert.java:111)\r\n\tat org.testng.Assert.failNotEquals(Assert.java:1590)\r\n\tat org.testng.Assert.assertTrue(Assert.java:57)\r\n\tat stepDefinitions.StackStep.the_user_is_in_the_home_page_after_sign_in(StackStep.java:46)\r\n\tat ✽.The User is in the home page after sign in(file:///C:/Workspace/Ds-Algo2025/src/test/resources/Feature/Stack.feature:6)\r\n"},"stage":"finished","steps":[],"attachments":[],"parameters":[],"start":1746829252732,"stop":1746829254423},{"name":"When The user scrolls down to the Data Structures dropdown and selects Stack","status":"skipped","statusDetails":{"known":false,"muted":false,"flaky":false},"stage":"finished","steps":[],"attachments":[],"parameters":[],"start":1746829254426,"stop":1746829254427},{"name":"Then User is navigated to Stack Page","status":"skipped","statusDetails":{"known":false,"muted":false,"flaky":false},"stage":"finished","steps":[],"attachments":[],"parameters":[],"start":1746829254429,"stop":1746829254429},{"name":"Given The user is in the Stack Page","status":"skipped","statusDetails":{"known":false,"muted":false,"flaky":false},"stage":"finished","steps":[],"attachments":[],"parameters":[],"start":1746829254430,"stop":1746829254434},{"name":"When The user clicks Implementation button","status":"skipped","statusDetails":{"known":false,"muted":false,"flaky":false},"stage":"finished","steps":[],"attachments":[],"parameters":[],"start":1746829254435,"stop":1746829254437},{"name":"Then The user should be redirected to Implementation page","status":"skipped","statusDetails":{"known":false,"muted":false,"flaky":false},"stage":"finished","steps":[],"attachments":[],"parameters":[],"start":1746829254439,"stop":1746829254441}],"attachments":[],"parameters":[],"start":1746829250440,"stop":1746829254777}