{"uuid":"fbb032b2-9e58-4120-a2bd-291852b38288","historyId":"71250f549aa1227dee10bc8a00a0bf92","testCaseId":"bf498642df35c96976735fda162d37b5","fullName":"src/test/resources/Feature/Arrays.feature:194","labels":[{"name":"host","value":"LAPTOP-2KQV9F30"},{"name":"thread","value":"27356@LAPTOP-2KQV9F30.main(1)"},{"name":"feature","value":"Arrays PracticeQuestion"},{"name":"story","value":"Verify that the user is able to scroll down and click Try Here button"},{"name":"suite","value":"Arrays PracticeQuestion"},{"name":"testClass","value":"Verify that the user is able to scroll down and click Try Here button"},{"name":"framework","value":"cucumber4jvm"},{"name":"language","value":"java"},{"name":"gherkin_uri","value":"file:///C:/Workspace/Ds-Algo2025/src/test/resources/Feature/Arrays.feature"},{"name":"package","value":"src.test.resources.Feature.Arrays_feature.Arrays PracticeQuestion"}],"links":[],"name":"Verify that the user is able to scroll down and click Try Here button","status":"failed","statusDetails":{"known":false,"muted":false,"flaky":false,"message":"Login failed or incorrect page expected [true] but found [false]","trace":"java.lang.AssertionError: Login failed or incorrect page expected [true] but found [false]\r\n\tat org.testng.Assert.fail(Assert.java:111)\r\n\tat org.testng.Assert.failNotEquals(Assert.java:1590)\r\n\tat org.testng.Assert.assertTrue(Assert.java:57)\r\n\tat stepDefinitions.ArraysStep.the_user_is_in_home_page_after_sign_in(ArraysStep.java:50)\r\n\tat ✽.The User is in home page after sign in(file:///C:/Workspace/Ds-Algo2025/src/test/resources/Feature/Arrays.feature:5)\r\n"},"stage":"finished","steps":[{"name":"Given The User is in home page after sign in","status":"failed","statusDetails":{"known":false,"muted":false,"flaky":false,"message":"Login failed or incorrect page expected [true] but found [false]","trace":"java.lang.AssertionError: Login failed or incorrect page expected [true] but found [false]\r\n\tat org.testng.Assert.fail(Assert.java:111)\r\n\tat org.testng.Assert.failNotEquals(Assert.java:1590)\r\n\tat org.testng.Assert.assertTrue(Assert.java:57)\r\n\tat stepDefinitions.ArraysStep.the_user_is_in_home_page_after_sign_in(ArraysStep.java:50)\r\n\tat ✽.The User is in home page after sign in(file:///C:/Workspace/Ds-Algo2025/src/test/resources/Feature/Arrays.feature:5)\r\n"},"stage":"finished","steps":[],"attachments":[],"parameters":[],"start":1746827403222,"stop":1746827405231},{"name":"When The user scrolls down to the Data Structures dropdown and selects Array","status":"skipped","statusDetails":{"known":false,"muted":false,"flaky":false},"stage":"finished","steps":[],"attachments":[],"parameters":[],"start":1746827405232,"stop":1746827405232},{"name":"Then User is navigated to Array Page","status":"skipped","statusDetails":{"known":false,"muted":false,"flaky":false},"stage":"finished","steps":[],"attachments":[],"parameters":[],"start":1746827405233,"stop":1746827405233},{"name":"Given The user is on the Applications of Array page","status":"skipped","statusDetails":{"known":false,"muted":false,"flaky":false},"stage":"finished","steps":[],"attachments":[],"parameters":[],"start":1746827405233,"stop":1746827405233},{"name":"When The user clicks Try Here button in Applications of Array page","status":"skipped","statusDetails":{"known":false,"muted":false,"flaky":false},"stage":"finished","steps":[],"attachments":[],"parameters":[],"start":1746827405234,"stop":1746827405234},{"name":"Then The user IS redirected to a page having an try Editor with a Run button to test","status":"skipped","statusDetails":{"known":false,"muted":false,"flaky":false},"stage":"finished","steps":[],"attachments":[],"parameters":[],"start":1746827405234,"stop":1746827405234}],"attachments":[],"parameters":[],"start":1746827401152,"stop":1746827405664}