<!DOCTYPE html>

<html>
  <head>
  <meta charset='utf-8'>
  <title>TestNG reports</title>

    <link type="text/css" href="testng-reports1.css" rel="stylesheet" id="ultra" />
    <link type="text/css" href="testng-reports.css" rel="stylesheet" id="retro" disabled="false"/>
    <script type="text/javascript" src="jquery-3.6.0.min.js"></script>
    <script type="text/javascript" src="testng-reports.js"></script>
    <script type="text/javascript" src="https://www.google.com/jsapi"></script>
    <script type='text/javascript'>
      google.load('visualization', '1', {packages:['table']});
      google.setOnLoadCallback(drawTable);
      var suiteTableInitFunctions = new Array();
      var suiteTableData = new Array();
    </script>
    <!--
      <script type="text/javascript" src="jquery-ui/js/jquery-ui-1.8.16.custom.min.js"></script>
     -->
  </head>

  <body>    <div class="top-banner-root">
      <span class="top-banner-title-font">Test results</span>
      <button id="button" class="button">Switch Retro Theme</button> <!-- button -->
      <br/>
      <span class="top-banner-font-1">1 suite, 21 failed tests</span>
    </div> <!-- top-banner-root -->
    <div class="navigator-root">
      <div class="navigator-suite-header">
        <span>All suites</span>
        <a href="#" title="Collapse/expand all the suites" class="collapse-all-link">
          <img src="collapseall.gif" class="collapse-all-icon">
          </img> <!-- collapse-all-icon -->
        </a> <!-- collapse-all-link -->
      </div> <!-- navigator-suite-header -->
      <div class="suite">
        <div class="rounded-window">
          <div class="suite-header light-rounded-window-top">
            <a href="#" panel-name="suite-Default_suite" class="navigator-link">
              <span class="suite-name border-failed">Default suite</span>
            </a> <!-- navigator-link -->
          </div> <!-- suite-header light-rounded-window-top -->
          <div class="navigator-suite-content">
            <div class="suite-section-title">
              <span>Info</span>
            </div> <!-- suite-section-title -->
            <div class="suite-section-content">
              <ul>
                <li>
                  <a href="#" panel-name="test-xml-Default_suite" class="navigator-link ">
                    <span>C:\Users\chand\AppData\Local\Temp\testng-eclipse--1500616255\testng-customsuite.xml</span>
                  </a> <!-- navigator-link  -->
                </li>
                <li>
                  <a href="#" panel-name="testlist-Default_suite" class="navigator-link ">
                    <span class="test-stats">1 test</span>
                  </a> <!-- navigator-link  -->
                </li>
                <li>
                  <a href="#" panel-name="group-Default_suite" class="navigator-link ">
                    <span>1 group</span>
                  </a> <!-- navigator-link  -->
                </li>
                <li>
                  <a href="#" panel-name="times-Default_suite" class="navigator-link ">
                    <span>Times</span>
                  </a> <!-- navigator-link  -->
                </li>
                <li>
                  <a href="#" panel-name="reporter-Default_suite" class="navigator-link ">
                    <span>Reporter output</span>
                  </a> <!-- navigator-link  -->
                </li>
                <li>
                  <a href="#" panel-name="ignored-methods-Default_suite" class="navigator-link ">
                    <span>Ignored methods</span>
                  </a> <!-- navigator-link  -->
                </li>
                <li>
                  <a href="#" panel-name="chronological-Default_suite" class="navigator-link ">
                    <span>Chronological view</span>
                  </a> <!-- navigator-link  -->
                </li>
              </ul>
            </div> <!-- suite-section-content -->
            <div class="result-section">
              <div class="suite-section-title">
                <span>Results</span>
              </div> <!-- suite-section-title -->
              <div class="suite-section-content">
                <ul>
                  <li>
                    <span class="method-stats">34 methods, 21 failed,   13 passed</span>
                  </li>
                  <li>
                    <span class="method-list-title failed">Failed methods</span>
                    <span class="show-or-hide-methods failed">
                      <a href="#" panel-name="suite-Default_suite" class="hide-methods failed suite-Default_suite"> (hide)</a> <!-- hide-methods failed suite-Default_suite -->
                      <a href="#" panel-name="suite-Default_suite" class="show-methods failed suite-Default_suite"> (show)</a> <!-- show-methods failed suite-Default_suite -->
                    </span>
                    <div class="method-list-content failed suite-Default_suite">
                      <span>
                        <img src="failed.png" width="3%"/>
                        <a href="#" panel-name="suite-Default_suite" title="testRunner.DsalgoRunner" class="method navigator-link" hash-for-method="runScenario(&quot;Verify that user receives error for invalid python code on running &quot;Search the array&quot; question&quot;, &quot;A...)">runScenario("Verify that user receives error for invalid python code on running "Search the array" question", "A...)</a> <!-- method navigator-link -->
                      </span>
                      <br/>
                      <span>
                        <img src="failed.png" width="3%"/>
                        <a href="#" panel-name="suite-Default_suite" title="testRunner.DsalgoRunner" class="method navigator-link" hash-for-method="runScenario(&quot;Verify that user is able to run valid python code for Squares of a Sorted Array question&quot;, &quot;Arrays ...)">runScenario("Verify that user is able to run valid python code for Squares of a Sorted Array question", "Arrays ...)</a> <!-- method navigator-link -->
                      </span>
                      <br/>
                      <span>
                        <img src="failed.png" width="3%"/>
                        <a href="#" panel-name="suite-Default_suite" title="testRunner.DsalgoRunner" class="method navigator-link" hash-for-method="runScenario(&quot;Verify that user receives error when click on Run button without entering code for &quot;Arrays in Pytho...)">runScenario("Verify that user receives error when click on Run button without entering code for "Arrays in Pytho...)</a> <!-- method navigator-link -->
                      </span>
                      <br/>
                      <span>
                        <img src="failed.png" width="3%"/>
                        <a href="#" panel-name="suite-Default_suite" title="testRunner.DsalgoRunner" class="method navigator-link" hash-for-method="runScenario(&quot;Verify that user receives error on submitting invalid python code for &quot;Search the array&quot; question&quot;,...)">runScenario("Verify that user receives error on submitting invalid python code for "Search the array" question",...)</a> <!-- method navigator-link -->
                      </span>
                      <br/>
                      <span>
                        <img src="failed.png" width="3%"/>
                        <a href="#" panel-name="suite-Default_suite" title="testRunner.DsalgoRunner" class="method navigator-link" hash-for-method="runScenario(&quot;Verify that user receives Success message on submitting valid python code for &quot;Search the array&quot; qu...)">runScenario("Verify that user receives Success message on submitting valid python code for "Search the array" qu...)</a> <!-- method navigator-link -->
                      </span>
                      <br/>
                      <span>
                        <img src="failed.png" width="3%"/>
                        <a href="#" panel-name="suite-Default_suite" title="testRunner.DsalgoRunner" class="method navigator-link" hash-for-method="runScenario(&quot;Verify that user receives Success message on submitting valid python code for Squares of a Sorted A...)">runScenario("Verify that user receives Success message on submitting valid python code for Squares of a Sorted A...)</a> <!-- method navigator-link -->
                      </span>
                      <br/>
                      <span>
                        <img src="failed.png" width="3%"/>
                        <a href="#" panel-name="suite-Default_suite" title="testRunner.DsalgoRunner" class="method navigator-link" hash-for-method="runScenario(&quot;Verify that user recieves error messgae on click on run button without entering code&quot;, &quot;To test Dat...)">runScenario("Verify that user recieves error messgae on click on run button without entering code", "To test Dat...)</a> <!-- method navigator-link -->
                      </span>
                      <br/>
                      <span>
                        <img src="failed.png" width="3%"/>
                        <a href="#" panel-name="suite-Default_suite" title="testRunner.DsalgoRunner" class="method navigator-link" hash-for-method="runScenario(&quot;Navigate back to Arrays in Python page from tryEditor&quot;, &quot;Arrays PracticeQuestion&quot;)">runScenario("Navigate back to Arrays in Python page from tryEditor", "Arrays PracticeQuestion")</a> <!-- method navigator-link -->
                      </span>
                      <br/>
                      <span>
                        <img src="failed.png" width="3%"/>
                        <a href="#" panel-name="suite-Default_suite" title="testRunner.DsalgoRunner" class="method navigator-link" hash-for-method="runScenario(&quot;Verify that user is able to run valid python code for &quot;Search the array&quot; question&quot;, &quot;Arrays Practic...)">runScenario("Verify that user is able to run valid python code for "Search the array" question", "Arrays Practic...)</a> <!-- method navigator-link -->
                      </span>
                      <br/>
                      <span>
                        <img src="failed.png" width="3%"/>
                        <a href="#" panel-name="suite-Default_suite" title="testRunner.DsalgoRunner" class="method navigator-link" hash-for-method="runScenario(&quot;Verify that user receives Success message on submitting valid python code for Find Numbers with Eve...)">runScenario("Verify that user receives Success message on submitting valid python code for Find Numbers with Eve...)</a> <!-- method navigator-link -->
                      </span>
                      <br/>
                      <span>
                        <img src="failed.png" width="3%"/>
                        <a href="#" panel-name="suite-Default_suite" title="testRunner.DsalgoRunner" class="method navigator-link" hash-for-method="runScenario(&quot;Verify that user receives error for invalid python code on running Squares of a Sorted Array questi...)">runScenario("Verify that user receives error for invalid python code on running Squares of a Sorted Array questi...)</a> <!-- method navigator-link -->
                      </span>
                      <br/>
                      <span>
                        <img src="failed.png" width="3%"/>
                        <a href="#" panel-name="suite-Default_suite" title="testRunner.DsalgoRunner" class="method navigator-link" hash-for-method="runScenario(&quot;Verify that user receives error for invalid python code on running Search the array question&quot;, &quot;Arr...)">runScenario("Verify that user receives error for invalid python code on running Search the array question", "Arr...)</a> <!-- method navigator-link -->
                      </span>
                      <br/>
                      <span>
                        <img src="failed.png" width="3%"/>
                        <a href="#" panel-name="suite-Default_suite" title="testRunner.DsalgoRunner" class="method navigator-link" hash-for-method="runScenario(&quot;Verify that user is able to run valid python code for Max Consecutive Ones question&quot;, &quot;Arrays Pract...)">runScenario("Verify that user is able to run valid python code for Max Consecutive Ones question", "Arrays Pract...)</a> <!-- method navigator-link -->
                      </span>
                      <br/>
                      <span>
                        <img src="failed.png" width="3%"/>
                        <a href="#" panel-name="suite-Default_suite" title="testRunner.DsalgoRunner" class="method navigator-link" hash-for-method="runScenario(&quot;Verify that user is able to run valid python code for Find Numbers with Even Number of Digits quest...)">runScenario("Verify that user is able to run valid python code for Find Numbers with Even Number of Digits quest...)</a> <!-- method navigator-link -->
                      </span>
                      <br/>
                      <span>
                        <img src="failed.png" width="3%"/>
                        <a href="#" panel-name="suite-Default_suite" title="testRunner.DsalgoRunner" class="method navigator-link" hash-for-method="runScenario(&quot;Verify that user receives error on submitting invalid python code for &quot;Max Consecutive Ones&quot; questi...)">runScenario("Verify that user receives error on submitting invalid python code for "Max Consecutive Ones" questi...)</a> <!-- method navigator-link -->
                      </span>
                      <br/>
                      <span>
                        <img src="failed.png" width="3%"/>
                        <a href="#" panel-name="suite-Default_suite" title="testRunner.DsalgoRunner" class="method navigator-link" hash-for-method="runScenario(&quot;Verify that user receives error on submitting invalid python code for Squares of a Sorted Array que...)">runScenario("Verify that user receives error on submitting invalid python code for Squares of a Sorted Array que...)</a> <!-- method navigator-link -->
                      </span>
                      <br/>
                      <span>
                        <img src="failed.png" width="3%"/>
                        <a href="#" panel-name="suite-Default_suite" title="testRunner.DsalgoRunner" class="method navigator-link" hash-for-method="runScenario(&quot;Verify that user receives Success message on submitting valid python code for &quot;Max Consecutive Ones...)">runScenario("Verify that user receives Success message on submitting valid python code for "Max Consecutive Ones...)</a> <!-- method navigator-link -->
                      </span>
                      <br/>
                      <span>
                        <img src="failed.png" width="3%"/>
                        <a href="#" panel-name="suite-Default_suite" title="testRunner.DsalgoRunner" class="method navigator-link" hash-for-method="runScenario(&quot;Verify that user receives error for invalid python code for &quot;Arrays in Python&quot; page&quot;, &quot;Arrays Pract...)">runScenario("Verify that user receives error for invalid python code for "Arrays in Python" page", "Arrays Pract...)</a> <!-- method navigator-link -->
                      </span>
                      <br/>
                      <span>
                        <img src="failed.png" width="3%"/>
                        <a href="#" panel-name="suite-Default_suite" title="testRunner.DsalgoRunner" class="method navigator-link" hash-for-method="runScenario(&quot;Verify that user receives error for invalid python code on running Find Numbers with Even Number of...)">runScenario("Verify that user receives error for invalid python code on running Find Numbers with Even Number of...)</a> <!-- method navigator-link -->
                      </span>
                      <br/>
                      <span>
                        <img src="failed.png" width="3%"/>
                        <a href="#" panel-name="suite-Default_suite" title="testRunner.DsalgoRunner" class="method navigator-link" hash-for-method="runScenario(&quot;Verify that user is able to see output for valid python code for &quot;Arrays in Python&quot; page&quot;, &quot;Arrays ...)">runScenario("Verify that user is able to see output for valid python code for "Arrays in Python" page", "Arrays ...)</a> <!-- method navigator-link -->
                      </span>
                      <br/>
                      <span>
                        <img src="failed.png" width="3%"/>
                        <a href="#" panel-name="suite-Default_suite" title="testRunner.DsalgoRunner" class="method navigator-link" hash-for-method="runScenario(&quot;Verify that user receives error on submitting invalid python code for Find Numbers with Even Number...)">runScenario("Verify that user receives error on submitting invalid python code for Find Numbers with Even Number...)</a> <!-- method navigator-link -->
                      </span>
                      <br/>
                    </div> <!-- method-list-content failed suite-Default_suite -->
                  </li>
                  <li>
                    <span class="method-list-title passed">Passed methods</span>
                    <span class="show-or-hide-methods passed">
                      <a href="#" panel-name="suite-Default_suite" class="hide-methods passed suite-Default_suite"> (hide)</a> <!-- hide-methods passed suite-Default_suite -->
                      <a href="#" panel-name="suite-Default_suite" class="show-methods passed suite-Default_suite"> (show)</a> <!-- show-methods passed suite-Default_suite -->
                    </span>
                    <div class="method-list-content passed suite-Default_suite">
                      <span>
                        <img src="passed.png" width="3%"/>
                        <a href="#" panel-name="suite-Default_suite" title="testRunner.DsalgoRunner" class="method navigator-link" hash-for-method="runScenario(&quot;Verify that user is able to navigate to &quot;try Editor&quot; page&quot;, &quot;To test DataStructuresIntroduction fun...)">runScenario("Verify that user is able to navigate to "try Editor" page", "To test DataStructuresIntroduction fun...)</a> <!-- method navigator-link -->
                      </span>
                      <br/>
                      <span>
                        <img src="passed.png" width="3%"/>
                        <a href="#" panel-name="suite-Default_suite" title="testRunner.DsalgoRunner" class="method navigator-link" hash-for-method="runScenario(&quot;Verify that the user is able to scroll down and click Try Here button&quot;, &quot;Arrays PracticeQuestion&quot;)">runScenario("Verify that the user is able to scroll down and click Try Here button", "Arrays PracticeQuestion")</a> <!-- method navigator-link -->
                      </span>
                      <br/>
                      <span>
                        <img src="passed.png" width="3%"/>
                        <a href="#" panel-name="suite-Default_suite" title="testRunner.DsalgoRunner" class="method navigator-link" hash-for-method="runScenario(&quot;Verify that user is able to navigate to a question page from Practice Question page of &quot;Arrays in P...)">runScenario("Verify that user is able to navigate to a question page from Practice Question page of "Arrays in P...)</a> <!-- method navigator-link -->
                      </span>
                      <br/>
                      <span>
                        <img src="passed.png" width="3%"/>
                        <a href="#" panel-name="suite-Default_suite" title="testRunner.DsalgoRunner" class="method navigator-link" hash-for-method="runScenario(&quot;Verify that user is able to navigate to &quot;Arrays in Python&quot; page&quot;, &quot;Arrays PracticeQuestion&quot;)">runScenario("Verify that user is able to navigate to "Arrays in Python" page", "Arrays PracticeQuestion")</a> <!-- method navigator-link -->
                      </span>
                      <br/>
                      <span>
                        <img src="passed.png" width="3%"/>
                        <a href="#" panel-name="suite-Default_suite" title="testRunner.DsalgoRunner" class="method navigator-link" hash-for-method="runScenario(&quot;Verify that user is able to navigate to a question page from Practice Question page of &quot;Arrays in P...)">runScenario("Verify that user is able to navigate to a question page from Practice Question page of "Arrays in P...)</a> <!-- method navigator-link -->
                      </span>
                      <br/>
                      <span>
                        <img src="passed.png" width="3%"/>
                        <a href="#" panel-name="suite-Default_suite" title="testRunner.DsalgoRunner" class="method navigator-link" hash-for-method="runScenario(&quot;Verify that Python code runs and output matches expected&quot;, &quot;To test DataStructuresIntroduction func...)">runScenario("Verify that Python code runs and output matches expected", "To test DataStructuresIntroduction func...)</a> <!-- method navigator-link -->
                      </span>
                      <br/>
                      <span>
                        <img src="passed.png" width="3%"/>
                        <a href="#" panel-name="suite-Default_suite" title="testRunner.DsalgoRunner" class="method navigator-link" hash-for-method="runScenario(&quot;Verify that user is able to navigate to &quot;Data Structures - Introduction&quot; page&quot;, &quot;To test DataStruct...)">runScenario("Verify that user is able to navigate to "Data Structures - Introduction" page", "To test DataStruct...)</a> <!-- method navigator-link -->
                      </span>
                      <br/>
                      <span>
                        <img src="passed.png" width="3%"/>
                        <a href="#" panel-name="suite-Default_suite" title="testRunner.DsalgoRunner" class="method navigator-link" hash-for-method="runScenario(&quot;Verify that user is able to navigate to a question page from Practice Question page of &quot;Arrays in P...)">runScenario("Verify that user is able to navigate to a question page from Practice Question page of "Arrays in P...)</a> <!-- method navigator-link -->
                      </span>
                      <br/>
                      <span>
                        <img src="passed.png" width="3%"/>
                        <a href="#" panel-name="suite-Default_suite" title="testRunner.DsalgoRunner" class="method navigator-link" hash-for-method="runScenario(&quot;Verify that user is able to navigate to a question page from Practice Question page of &quot;Arrays in P...)">runScenario("Verify that user is able to navigate to a question page from Practice Question page of "Arrays in P...)</a> <!-- method navigator-link -->
                      </span>
                      <br/>
                      <span>
                        <img src="passed.png" width="3%"/>
                        <a href="#" panel-name="suite-Default_suite" title="testRunner.DsalgoRunner" class="method navigator-link" hash-for-method="runScenario(&quot;Verify that user is able to navigate to &quot;Time Complexity&quot; page&quot;, &quot;To test DataStructuresIntroductio...)">runScenario("Verify that user is able to navigate to "Time Complexity" page", "To test DataStructuresIntroductio...)</a> <!-- method navigator-link -->
                      </span>
                      <br/>
                      <span>
                        <img src="passed.png" width="3%"/>
                        <a href="#" panel-name="suite-Default_suite" title="testRunner.DsalgoRunner" class="method navigator-link" hash-for-method="runScenario(&quot;Verify that user is able to navigate to &quot;Practice&quot; page&quot;, &quot;To test DataStructuresIntroduction funct...)">runScenario("Verify that user is able to navigate to "Practice" page", "To test DataStructuresIntroduction funct...)</a> <!-- method navigator-link -->
                      </span>
                      <br/>
                      <span>
                        <img src="passed.png" width="3%"/>
                        <a href="#" panel-name="suite-Default_suite" title="testRunner.DsalgoRunner" class="method navigator-link" hash-for-method="runScenario(&quot;Verify that user is able to navigate to &quot;Practice Questions&quot; Page for &quot;Arrays in Python&quot; page&quot;, &quot;Ar...)">runScenario("Verify that user is able to navigate to "Practice Questions" Page for "Arrays in Python" page", "Ar...)</a> <!-- method navigator-link -->
                      </span>
                      <br/>
                      <span>
                        <img src="passed.png" width="3%"/>
                        <a href="#" panel-name="suite-Default_suite" title="testRunner.DsalgoRunner" class="method navigator-link" hash-for-method="runScenario(&quot;Scroll down in dropdown and select &quot;Array&quot;&quot;, &quot;Arrays PracticeQuestion&quot;)">runScenario("Scroll down in dropdown and select "Array"", "Arrays PracticeQuestion")</a> <!-- method navigator-link -->
                      </span>
                      <br/>
                    </div> <!-- method-list-content passed suite-Default_suite -->
                  </li>
                </ul>
              </div> <!-- suite-section-content -->
            </div> <!-- result-section -->
          </div> <!-- navigator-suite-content -->
        </div> <!-- rounded-window -->
      </div> <!-- suite -->
    </div> <!-- navigator-root -->
    <div class="wrapper">
      <div class="main-panel-root">
        <div panel-name="suite-Default_suite" class="panel Default_suite">
          <div class="suite-Default_suite-class-failed">
            <div class="main-panel-header rounded-window-top">
              <img src="failed.png"/>
              <span class="class-name">testRunner.DsalgoRunner</span>
            </div> <!-- main-panel-header rounded-window-top -->
            <div class="main-panel-content rounded-window-bottom">
              <div class="method">
                <div class="method-content">
                  <a name="runScenario(&quot;Verify that user receives error for invalid python code on running &quot;Search the array&quot; question&quot;, &quot;A...)">
                  </a> <!-- runScenario("Verify that user receives error for invalid python code on running "Search the array" question", "A...) -->
                  <span class="method-name">runScenario</span>
                  <span class="parameters">("Verify that user receives error for invalid python code on running "Search the array" question","Arrays PracticeQuestion")</span>
                  <div class="stack-trace">org.openqa.selenium.ElementNotInteractableException: element not interactable
  (Session info: chrome=136.0.7103.49)
Build info: version: &apos;4.29.0&apos;, revision: &apos;5fc1ec94cb&apos;
System info: os.name: &apos;Windows 11&apos;, os.arch: &apos;amd64&apos;, os.version: &apos;10.0&apos;, java.version: &apos;23.0.2&apos;
Driver info: org.openqa.selenium.chrome.ChromeDriver
Command: [b237140ebcb21a83c1d7ce8243f6be00, clearElement {id=f.EE0C1E31C0DE47AA7022696A1BAA5420.d.4077E7FD86281B933D46D8B4659154E5.e.25}]
Capabilities {acceptInsecureCerts: false, browserName: chrome, browserVersion: 136.0.7103.49, chrome: {chromedriverVersion: 136.0.7103.49 (031848bc6ad0..., userDataDir: C:\Users\chand\AppData\Loca...}, fedcm:accounts: true, goog:chromeOptions: {debuggerAddress: localhost:61280}, networkConnectionEnabled: false, pageLoadStrategy: normal, platformName: windows, proxy: Proxy(), se:cdp: ws://localhost:61280/devtoo..., se:cdpVersion: 136.0.7103.49, setWindowRect: true, strictFileInteractability: false, timeouts: {implicit: 0, pageLoad: 300000, script: 30000}, unhandledPromptBehavior: dismiss and notify, webauthn:extension:credBlob: true, webauthn:extension:largeBlob: true, webauthn:extension:minPinLength: true, webauthn:extension:prf: true, webauthn:virtualAuthenticators: true}
Element: [[ChromeDriver: chrome on windows (b237140ebcb21a83c1d7ce8243f6be00)] -&gt; xpath: //div[@class=&apos;input&apos;]//textarea]
Session ID: b237140ebcb21a83c1d7ce8243f6be00
	at java.base/jdk.internal.reflect.DirectConstructorHandleAccessor.newInstance(DirectConstructorHandleAccessor.java:62)
	at java.base/java.lang.reflect.Constructor.newInstanceWithCaller(Constructor.java:501)
	at java.base/java.lang.reflect.Constructor.newInstance(Constructor.java:485)
	at org.openqa.selenium.remote.ErrorCodec.decode(ErrorCodec.java:167)
	at org.openqa.selenium.remote.codec.w3c.W3CHttpResponseCodec.decode(W3CHttpResponseCodec.java:138)
	at org.openqa.selenium.remote.codec.w3c.W3CHttpResponseCodec.decode(W3CHttpResponseCodec.java:50)
	at org.openqa.selenium.remote.HttpCommandExecutor.execute(HttpCommandExecutor.java:215)
	at org.openqa.selenium.remote.service.DriverCommandExecutor.invokeExecute(DriverCommandExecutor.java:216)
	at org.openqa.selenium.remote.service.DriverCommandExecutor.execute(DriverCommandExecutor.java:174)
	at org.openqa.selenium.remote.RemoteWebDriver.execute(RemoteWebDriver.java:545)
	at org.openqa.selenium.remote.RemoteWebElement.execute(RemoteWebElement.java:223)
	at org.openqa.selenium.remote.RemoteWebElement.clear(RemoteWebElement.java:129)
	at java.base/jdk.internal.reflect.DirectMethodHandleAccessor.invoke(DirectMethodHandleAccessor.java:103)
	at java.base/java.lang.reflect.Method.invoke(Method.java:580)
	at org.openqa.selenium.support.pagefactory.internal.LocatingElementHandler.invoke(LocatingElementHandler.java:51)
	at jdk.proxy2/jdk.proxy2.$Proxy40.clear(Unknown Source)
	at pageObject.ArraysPage.clearEditor1(ArraysPage.java:329)
	at stepDefinitions.ArraysStep.the_user_writes_invalid_code_from_row_number_and_clicks_the_run_button_Search_the_array(ArraysStep.java:272)
	at ✽.The user writes invalid code from row number and clicks the Run Button Search the array(file:///C:/Workspace/Ds-Algo2025/src/test/resources/Feature/Arrays.feature:67)

</div> <!-- stack-trace -->
                  <em>
(Runs Cucumber Scenarios)                  </em>
                </div> <!-- method-content -->
              </div> <!-- method -->
              <div class="method">
                <div class="method-content">
                  <a name="runScenario(&quot;Verify that user is able to run valid python code for Squares of a Sorted Array question&quot;, &quot;Arrays ...)">
                  </a> <!-- runScenario("Verify that user is able to run valid python code for Squares of a Sorted Array question", "Arrays ...) -->
                  <span class="method-name">runScenario</span>
                  <span class="parameters">("Verify that user is able to run valid python code for Squares of a Sorted Array question","Arrays PracticeQuestion")</span>
                  <div class="stack-trace">org.openqa.selenium.ElementNotInteractableException: element not interactable
  (Session info: chrome=136.0.7103.49)
Build info: version: &apos;4.29.0&apos;, revision: &apos;5fc1ec94cb&apos;
System info: os.name: &apos;Windows 11&apos;, os.arch: &apos;amd64&apos;, os.version: &apos;10.0&apos;, java.version: &apos;23.0.2&apos;
Driver info: org.openqa.selenium.chrome.ChromeDriver
Command: [5eadb4a0369ba2be0fe9b390ddd38d31, clearElement {id=f.910DC04FB575C71123D86D28850A0DEC.d.06FD2DCCA56092C76AD248BA7AF76C02.e.24}]
Capabilities {acceptInsecureCerts: false, browserName: chrome, browserVersion: 136.0.7103.49, chrome: {chromedriverVersion: 136.0.7103.49 (031848bc6ad0..., userDataDir: C:\Users\chand\AppData\Loca...}, fedcm:accounts: true, goog:chromeOptions: {debuggerAddress: localhost:64126}, networkConnectionEnabled: false, pageLoadStrategy: normal, platformName: windows, proxy: Proxy(), se:cdp: ws://localhost:64126/devtoo..., se:cdpVersion: 136.0.7103.49, setWindowRect: true, strictFileInteractability: false, timeouts: {implicit: 0, pageLoad: 300000, script: 30000}, unhandledPromptBehavior: dismiss and notify, webauthn:extension:credBlob: true, webauthn:extension:largeBlob: true, webauthn:extension:minPinLength: true, webauthn:extension:prf: true, webauthn:virtualAuthenticators: true}
Element: [[ChromeDriver: chrome on windows (5eadb4a0369ba2be0fe9b390ddd38d31)] -&gt; xpath: //div[@class=&apos;input&apos;]//textarea]
Session ID: 5eadb4a0369ba2be0fe9b390ddd38d31
	at java.base/jdk.internal.reflect.DirectConstructorHandleAccessor.newInstance(DirectConstructorHandleAccessor.java:62)
	at java.base/java.lang.reflect.Constructor.newInstanceWithCaller(Constructor.java:501)
	at java.base/java.lang.reflect.Constructor.newInstance(Constructor.java:485)
	at org.openqa.selenium.remote.ErrorCodec.decode(ErrorCodec.java:167)
	at org.openqa.selenium.remote.codec.w3c.W3CHttpResponseCodec.decode(W3CHttpResponseCodec.java:138)
	at org.openqa.selenium.remote.codec.w3c.W3CHttpResponseCodec.decode(W3CHttpResponseCodec.java:50)
	at org.openqa.selenium.remote.HttpCommandExecutor.execute(HttpCommandExecutor.java:215)
	at org.openqa.selenium.remote.service.DriverCommandExecutor.invokeExecute(DriverCommandExecutor.java:216)
	at org.openqa.selenium.remote.service.DriverCommandExecutor.execute(DriverCommandExecutor.java:174)
	at org.openqa.selenium.remote.RemoteWebDriver.execute(RemoteWebDriver.java:545)
	at org.openqa.selenium.remote.RemoteWebElement.execute(RemoteWebElement.java:223)
	at org.openqa.selenium.remote.RemoteWebElement.clear(RemoteWebElement.java:129)
	at java.base/jdk.internal.reflect.DirectMethodHandleAccessor.invoke(DirectMethodHandleAccessor.java:103)
	at java.base/java.lang.reflect.Method.invoke(Method.java:580)
	at org.openqa.selenium.support.pagefactory.internal.LocatingElementHandler.invoke(LocatingElementHandler.java:51)
	at jdk.proxy2/jdk.proxy2.$Proxy40.clear(Unknown Source)
	at pageObject.ArraysPage.clearEditor1(ArraysPage.java:329)
	at stepDefinitions.ArraysStep.the_user_writes_valid_code_from_row_number_and_clicks_the_run_button_sorted_array(ArraysStep.java:441)
	at ✽.The user writes valid code from row number and clicks the Run Button Sorted Array(file:///C:/Workspace/Ds-Algo2025/src/test/resources/Feature/Arrays.feature:145)

</div> <!-- stack-trace -->
                  <em>
(Runs Cucumber Scenarios)                  </em>
                </div> <!-- method-content -->
              </div> <!-- method -->
              <div class="method">
                <div class="method-content">
                  <a name="runScenario(&quot;Verify that user receives error when click on Run button without entering code for &quot;Arrays in Pytho...)">
                  </a> <!-- runScenario("Verify that user receives error when click on Run button without entering code for "Arrays in Pytho...) -->
                  <span class="method-name">runScenario</span>
                  <span class="parameters">("Verify that user receives error when click on Run button without entering code for "Arrays in Python" page","Arrays PracticeQuestion")</span>
                  <div class="stack-trace">java.lang.AssertionError: Bug: No feedback (error message, alert, or output) shown for empty code.
	at stepDefinitions.ArraysStep.the_user_should_see_an_error_message_in_alert_window(ArraysStep.java:152)
	at ✽.The user should see an error message in alert window(file:///C:/Workspace/Ds-Algo2025/src/test/resources/Feature/Arrays.feature:30)

</div> <!-- stack-trace -->
                  <em>
(Runs Cucumber Scenarios)                  </em>
                </div> <!-- method-content -->
              </div> <!-- method -->
              <div class="method">
                <div class="method-content">
                  <a name="runScenario(&quot;Verify that user receives error on submitting invalid python code for &quot;Search the array&quot; question&quot;,...)">
                  </a> <!-- runScenario("Verify that user receives error on submitting invalid python code for "Search the array" question",...) -->
                  <span class="method-name">runScenario</span>
                  <span class="parameters">("Verify that user receives error on submitting invalid python code for "Search the array" question","Arrays PracticeQuestion")</span>
                  <div class="stack-trace">org.openqa.selenium.ElementNotInteractableException: element not interactable
  (Session info: chrome=136.0.7103.49)
Build info: version: &apos;4.29.0&apos;, revision: &apos;5fc1ec94cb&apos;
System info: os.name: &apos;Windows 11&apos;, os.arch: &apos;amd64&apos;, os.version: &apos;10.0&apos;, java.version: &apos;23.0.2&apos;
Driver info: org.openqa.selenium.chrome.ChromeDriver
Command: [41fdfdeba9c26f76dc4eecabf2c32e6d, clearElement {id=f.C2CB222E7204AC00E1F30F8A98C940B7.d.66ACC4DD5771F8726A01E8648CD2EF20.e.26}]
Capabilities {acceptInsecureCerts: false, browserName: chrome, browserVersion: 136.0.7103.49, chrome: {chromedriverVersion: 136.0.7103.49 (031848bc6ad0..., userDataDir: C:\Users\chand\AppData\Loca...}, fedcm:accounts: true, goog:chromeOptions: {debuggerAddress: localhost:63715}, networkConnectionEnabled: false, pageLoadStrategy: normal, platformName: windows, proxy: Proxy(), se:cdp: ws://localhost:63715/devtoo..., se:cdpVersion: 136.0.7103.49, setWindowRect: true, strictFileInteractability: false, timeouts: {implicit: 0, pageLoad: 300000, script: 30000}, unhandledPromptBehavior: dismiss and notify, webauthn:extension:credBlob: true, webauthn:extension:largeBlob: true, webauthn:extension:minPinLength: true, webauthn:extension:prf: true, webauthn:virtualAuthenticators: true}
Element: [[ChromeDriver: chrome on windows (41fdfdeba9c26f76dc4eecabf2c32e6d)] -&gt; xpath: //div[@class=&apos;input&apos;]//textarea]
Session ID: 41fdfdeba9c26f76dc4eecabf2c32e6d
	at java.base/jdk.internal.reflect.DirectConstructorHandleAccessor.newInstance(DirectConstructorHandleAccessor.java:62)
	at java.base/java.lang.reflect.Constructor.newInstanceWithCaller(Constructor.java:501)
	at java.base/java.lang.reflect.Constructor.newInstance(Constructor.java:485)
	at org.openqa.selenium.remote.ErrorCodec.decode(ErrorCodec.java:167)
	at org.openqa.selenium.remote.codec.w3c.W3CHttpResponseCodec.decode(W3CHttpResponseCodec.java:138)
	at org.openqa.selenium.remote.codec.w3c.W3CHttpResponseCodec.decode(W3CHttpResponseCodec.java:50)
	at org.openqa.selenium.remote.HttpCommandExecutor.execute(HttpCommandExecutor.java:215)
	at org.openqa.selenium.remote.service.DriverCommandExecutor.invokeExecute(DriverCommandExecutor.java:216)
	at org.openqa.selenium.remote.service.DriverCommandExecutor.execute(DriverCommandExecutor.java:174)
	at org.openqa.selenium.remote.RemoteWebDriver.execute(RemoteWebDriver.java:545)
	at org.openqa.selenium.remote.RemoteWebElement.execute(RemoteWebElement.java:223)
	at org.openqa.selenium.remote.RemoteWebElement.clear(RemoteWebElement.java:129)
	at java.base/jdk.internal.reflect.DirectMethodHandleAccessor.invoke(DirectMethodHandleAccessor.java:103)
	at java.base/java.lang.reflect.Method.invoke(Method.java:580)
	at org.openqa.selenium.support.pagefactory.internal.LocatingElementHandler.invoke(LocatingElementHandler.java:51)
	at jdk.proxy2/jdk.proxy2.$Proxy40.clear(Unknown Source)
	at pageObject.ArraysPage.clearEditor1(ArraysPage.java:329)
	at stepDefinitions.ArraysStep.the_user_writes_invalid_code_from_row_number_and_clicks_the_submit_button_Search_the_array(ArraysStep.java:310)
	at ✽.The user writes invalid code from row number and clicks the Submit Button Search the array(file:///C:/Workspace/Ds-Algo2025/src/test/resources/Feature/Arrays.feature:79)

</div> <!-- stack-trace -->
                  <em>
(Runs Cucumber Scenarios)                  </em>
                </div> <!-- method-content -->
              </div> <!-- method -->
              <div class="method">
                <div class="method-content">
                  <a name="runScenario(&quot;Verify that user receives Success message on submitting valid python code for &quot;Search the array&quot; qu...)">
                  </a> <!-- runScenario("Verify that user receives Success message on submitting valid python code for "Search the array" qu...) -->
                  <span class="method-name">runScenario</span>
                  <span class="parameters">("Verify that user receives Success message on submitting valid python code for "Search the array" question","Arrays PracticeQuestion")</span>
                  <div class="stack-trace">org.openqa.selenium.ElementNotInteractableException: element not interactable
  (Session info: chrome=136.0.7103.49)
Build info: version: &apos;4.29.0&apos;, revision: &apos;5fc1ec94cb&apos;
System info: os.name: &apos;Windows 11&apos;, os.arch: &apos;amd64&apos;, os.version: &apos;10.0&apos;, java.version: &apos;23.0.2&apos;
Driver info: org.openqa.selenium.chrome.ChromeDriver
Command: [f4e79cefbf155a2172f35b0b6b9d695b, clearElement {id=f.30DFCBB9652A00F4253EF05FC9387B9F.d.08DAB5B35E17A1954C8440961032BFAB.e.27}]
Capabilities {acceptInsecureCerts: false, browserName: chrome, browserVersion: 136.0.7103.49, chrome: {chromedriverVersion: 136.0.7103.49 (031848bc6ad0..., userDataDir: C:\Users\chand\AppData\Loca...}, fedcm:accounts: true, goog:chromeOptions: {debuggerAddress: localhost:63760}, networkConnectionEnabled: false, pageLoadStrategy: normal, platformName: windows, proxy: Proxy(), se:cdp: ws://localhost:63760/devtoo..., se:cdpVersion: 136.0.7103.49, setWindowRect: true, strictFileInteractability: false, timeouts: {implicit: 0, pageLoad: 300000, script: 30000}, unhandledPromptBehavior: dismiss and notify, webauthn:extension:credBlob: true, webauthn:extension:largeBlob: true, webauthn:extension:minPinLength: true, webauthn:extension:prf: true, webauthn:virtualAuthenticators: true}
Element: [[ChromeDriver: chrome on windows (f4e79cefbf155a2172f35b0b6b9d695b)] -&gt; xpath: //div[@class=&apos;input&apos;]//textarea]
Session ID: f4e79cefbf155a2172f35b0b6b9d695b
	at java.base/jdk.internal.reflect.DirectConstructorHandleAccessor.newInstance(DirectConstructorHandleAccessor.java:62)
	at java.base/java.lang.reflect.Constructor.newInstanceWithCaller(Constructor.java:501)
	at java.base/java.lang.reflect.Constructor.newInstance(Constructor.java:485)
	at org.openqa.selenium.remote.ErrorCodec.decode(ErrorCodec.java:167)
	at org.openqa.selenium.remote.codec.w3c.W3CHttpResponseCodec.decode(W3CHttpResponseCodec.java:138)
	at org.openqa.selenium.remote.codec.w3c.W3CHttpResponseCodec.decode(W3CHttpResponseCodec.java:50)
	at org.openqa.selenium.remote.HttpCommandExecutor.execute(HttpCommandExecutor.java:215)
	at org.openqa.selenium.remote.service.DriverCommandExecutor.invokeExecute(DriverCommandExecutor.java:216)
	at org.openqa.selenium.remote.service.DriverCommandExecutor.execute(DriverCommandExecutor.java:174)
	at org.openqa.selenium.remote.RemoteWebDriver.execute(RemoteWebDriver.java:545)
	at org.openqa.selenium.remote.RemoteWebElement.execute(RemoteWebElement.java:223)
	at org.openqa.selenium.remote.RemoteWebElement.clear(RemoteWebElement.java:129)
	at java.base/jdk.internal.reflect.DirectMethodHandleAccessor.invoke(DirectMethodHandleAccessor.java:103)
	at java.base/java.lang.reflect.Method.invoke(Method.java:580)
	at org.openqa.selenium.support.pagefactory.internal.LocatingElementHandler.invoke(LocatingElementHandler.java:51)
	at jdk.proxy2/jdk.proxy2.$Proxy40.clear(Unknown Source)
	at pageObject.ArraysPage.clearEditor1(ArraysPage.java:329)
	at stepDefinitions.ArraysStep.the_user_writes_valid_code_from_row_number_and_clicks_the_submit_button_Search_the_array(ArraysStep.java:328)
	at ✽.The user writes valid code from row number and clicks the Submit Button Search the array(file:///C:/Workspace/Ds-Algo2025/src/test/resources/Feature/Arrays.feature:85)

</div> <!-- stack-trace -->
                  <em>
(Runs Cucumber Scenarios)                  </em>
                </div> <!-- method-content -->
              </div> <!-- method -->
              <div class="method">
                <div class="method-content">
                  <a name="runScenario(&quot;Verify that user receives Success message on submitting valid python code for Squares of a Sorted A...)">
                  </a> <!-- runScenario("Verify that user receives Success message on submitting valid python code for Squares of a Sorted A...) -->
                  <span class="method-name">runScenario</span>
                  <span class="parameters">("Verify that user receives Success message on submitting valid python code for Squares of a Sorted Array question","Arrays PracticeQuestion")</span>
                  <div class="stack-trace">org.openqa.selenium.ElementNotInteractableException: element not interactable
  (Session info: chrome=136.0.7103.49)
Build info: version: &apos;4.29.0&apos;, revision: &apos;5fc1ec94cb&apos;
System info: os.name: &apos;Windows 11&apos;, os.arch: &apos;amd64&apos;, os.version: &apos;10.0&apos;, java.version: &apos;23.0.2&apos;
Driver info: org.openqa.selenium.chrome.ChromeDriver
Command: [565e210c041e6bf60716178fb335f4c3, clearElement {id=f.7BD437CD6C00CAA9F125834B4B68AB91.d.5E6313FE20322BDA6D48B62E93D4F879.e.24}]
Capabilities {acceptInsecureCerts: false, browserName: chrome, browserVersion: 136.0.7103.49, chrome: {chromedriverVersion: 136.0.7103.49 (031848bc6ad0..., userDataDir: C:\Users\chand\AppData\Loca...}, fedcm:accounts: true, goog:chromeOptions: {debuggerAddress: localhost:64198}, networkConnectionEnabled: false, pageLoadStrategy: normal, platformName: windows, proxy: Proxy(), se:cdp: ws://localhost:64198/devtoo..., se:cdpVersion: 136.0.7103.49, setWindowRect: true, strictFileInteractability: false, timeouts: {implicit: 0, pageLoad: 300000, script: 30000}, unhandledPromptBehavior: dismiss and notify, webauthn:extension:credBlob: true, webauthn:extension:largeBlob: true, webauthn:extension:minPinLength: true, webauthn:extension:prf: true, webauthn:virtualAuthenticators: true}
Element: [[ChromeDriver: chrome on windows (565e210c041e6bf60716178fb335f4c3)] -&gt; xpath: //div[@class=&apos;input&apos;]//textarea]
Session ID: 565e210c041e6bf60716178fb335f4c3
	at java.base/jdk.internal.reflect.DirectConstructorHandleAccessor.newInstance(DirectConstructorHandleAccessor.java:62)
	at java.base/java.lang.reflect.Constructor.newInstanceWithCaller(Constructor.java:501)
	at java.base/java.lang.reflect.Constructor.newInstance(Constructor.java:485)
	at org.openqa.selenium.remote.ErrorCodec.decode(ErrorCodec.java:167)
	at org.openqa.selenium.remote.codec.w3c.W3CHttpResponseCodec.decode(W3CHttpResponseCodec.java:138)
	at org.openqa.selenium.remote.codec.w3c.W3CHttpResponseCodec.decode(W3CHttpResponseCodec.java:50)
	at org.openqa.selenium.remote.HttpCommandExecutor.execute(HttpCommandExecutor.java:215)
	at org.openqa.selenium.remote.service.DriverCommandExecutor.invokeExecute(DriverCommandExecutor.java:216)
	at org.openqa.selenium.remote.service.DriverCommandExecutor.execute(DriverCommandExecutor.java:174)
	at org.openqa.selenium.remote.RemoteWebDriver.execute(RemoteWebDriver.java:545)
	at org.openqa.selenium.remote.RemoteWebElement.execute(RemoteWebElement.java:223)
	at org.openqa.selenium.remote.RemoteWebElement.clear(RemoteWebElement.java:129)
	at java.base/jdk.internal.reflect.DirectMethodHandleAccessor.invoke(DirectMethodHandleAccessor.java:103)
	at java.base/java.lang.reflect.Method.invoke(Method.java:580)
	at org.openqa.selenium.support.pagefactory.internal.LocatingElementHandler.invoke(LocatingElementHandler.java:51)
	at jdk.proxy2/jdk.proxy2.$Proxy40.clear(Unknown Source)
	at pageObject.ArraysPage.clearEditor1(ArraysPage.java:329)
	at stepDefinitions.ArraysStep.the_user_writes_valid_code_from_row_number_and_clicks_the_submit_button_sorted_array(ArraysStep.java:462)
	at ✽.The user writes valid code from row number and clicks the Submit Button Sorted Array(file:///C:/Workspace/Ds-Algo2025/src/test/resources/Feature/Arrays.feature:157)

</div> <!-- stack-trace -->
                  <em>
(Runs Cucumber Scenarios)                  </em>
                </div> <!-- method-content -->
              </div> <!-- method -->
              <div class="method">
                <div class="method-content">
                  <a name="runScenario(&quot;Verify that user recieves error messgae on click on run button without entering code&quot;, &quot;To test Dat...)">
                  </a> <!-- runScenario("Verify that user recieves error messgae on click on run button without entering code", "To test Dat...) -->
                  <span class="method-name">runScenario</span>
                  <span class="parameters">("Verify that user recieves error messgae on click on run button without entering code","To test DataStructuresIntroduction functionality")</span>
                  <div class="stack-trace">org.openqa.selenium.NoSuchWindowException: no such window: target window already closed
from unknown error: web view not found
  (Session info: chrome=136.0.7103.49)
Build info: version: &apos;4.29.0&apos;, revision: &apos;5fc1ec94cb&apos;
System info: os.name: &apos;Windows 11&apos;, os.arch: &apos;amd64&apos;, os.version: &apos;10.0&apos;, java.version: &apos;23.0.2&apos;
Driver info: org.openqa.selenium.chrome.ChromeDriver
Command: [48d240ec5e718e98ee4cddeb81234808, getTitle {}]
Capabilities {acceptInsecureCerts: false, browserName: chrome, browserVersion: 136.0.7103.49, chrome: {chromedriverVersion: 136.0.7103.49 (031848bc6ad0..., userDataDir: C:\Users\chand\AppData\Loca...}, fedcm:accounts: true, goog:chromeOptions: {debuggerAddress: localhost:64345}, networkConnectionEnabled: false, pageLoadStrategy: normal, platformName: windows, proxy: Proxy(), se:cdp: ws://localhost:64345/devtoo..., se:cdpVersion: 136.0.7103.49, setWindowRect: true, strictFileInteractability: false, timeouts: {implicit: 0, pageLoad: 300000, script: 30000}, unhandledPromptBehavior: dismiss and notify, webauthn:extension:credBlob: true, webauthn:extension:largeBlob: true, webauthn:extension:minPinLength: true, webauthn:extension:prf: true, webauthn:virtualAuthenticators: true}
Session ID: 48d240ec5e718e98ee4cddeb81234808
	at java.base/jdk.internal.reflect.DirectConstructorHandleAccessor.newInstance(DirectConstructorHandleAccessor.java:62)
	at java.base/java.lang.reflect.Constructor.newInstanceWithCaller(Constructor.java:501)
	at java.base/java.lang.reflect.Constructor.newInstance(Constructor.java:485)
	at org.openqa.selenium.remote.ErrorCodec.decode(ErrorCodec.java:167)
	at org.openqa.selenium.remote.codec.w3c.W3CHttpResponseCodec.decode(W3CHttpResponseCodec.java:138)
	at org.openqa.selenium.remote.codec.w3c.W3CHttpResponseCodec.decode(W3CHttpResponseCodec.java:50)
	at org.openqa.selenium.remote.HttpCommandExecutor.execute(HttpCommandExecutor.java:215)
	at org.openqa.selenium.remote.service.DriverCommandExecutor.invokeExecute(DriverCommandExecutor.java:216)
	at org.openqa.selenium.remote.service.DriverCommandExecutor.execute(DriverCommandExecutor.java:174)
	at org.openqa.selenium.remote.RemoteWebDriver.execute(RemoteWebDriver.java:545)
	at org.openqa.selenium.remote.RemoteWebDriver.execute(RemoteWebDriver.java:618)
	at org.openqa.selenium.remote.RemoteWebDriver.execute(RemoteWebDriver.java:622)
	at org.openqa.selenium.remote.RemoteWebDriver.getTitle(RemoteWebDriver.java:318)
	at pageObject.DataStructuresPF.pageTitle(DataStructuresPF.java:111)
	at stepDefinitions.DataStructuresSteps.user_is_on_try_editor_page(DataStructuresSteps.java:125)
	at ✽.user is on try Editor page(file:///C:/Workspace/Ds-Algo2025/src/test/resources/Feature/DataStructure.feature:57)

</div> <!-- stack-trace -->
                  <em>
(Runs Cucumber Scenarios)                  </em>
                </div> <!-- method-content -->
              </div> <!-- method -->
              <div class="method">
                <div class="method-content">
                  <a name="runScenario(&quot;Navigate back to Arrays in Python page from tryEditor&quot;, &quot;Arrays PracticeQuestion&quot;)">
                  </a> <!-- runScenario("Navigate back to Arrays in Python page from tryEditor", "Arrays PracticeQuestion") -->
                  <span class="method-name">runScenario</span>
                  <span class="parameters">("Navigate back to Arrays in Python page from tryEditor","Arrays PracticeQuestion")</span>
                  <div class="stack-trace">java.lang.AssertionError: User is not on Arrays in Python page
	at org.junit.Assert.fail(Assert.java:89)
	at org.junit.Assert.assertTrue(Assert.java:42)
	at stepDefinitions.ArraysStep.the_user_navigates_back_to_the_arrays_in_python_page(ArraysStep.java:211)
	at ✽.The user navigates back to the Arrays in Python page(file:///C:/Workspace/Ds-Algo2025/src/test/resources/Feature/Arrays.feature:45)

</div> <!-- stack-trace -->
                  <em>
(Runs Cucumber Scenarios)                  </em>
                </div> <!-- method-content -->
              </div> <!-- method -->
              <div class="method">
                <div class="method-content">
                  <a name="runScenario(&quot;Verify that user is able to run valid python code for &quot;Search the array&quot; question&quot;, &quot;Arrays Practic...)">
                  </a> <!-- runScenario("Verify that user is able to run valid python code for "Search the array" question", "Arrays Practic...) -->
                  <span class="method-name">runScenario</span>
                  <span class="parameters">("Verify that user is able to run valid python code for "Search the array" question","Arrays PracticeQuestion")</span>
                  <div class="stack-trace">org.openqa.selenium.ElementNotInteractableException: element not interactable
  (Session info: chrome=136.0.7103.49)
Build info: version: &apos;4.29.0&apos;, revision: &apos;5fc1ec94cb&apos;
System info: os.name: &apos;Windows 11&apos;, os.arch: &apos;amd64&apos;, os.version: &apos;10.0&apos;, java.version: &apos;23.0.2&apos;
Driver info: org.openqa.selenium.chrome.ChromeDriver
Command: [d5ce62e5d1bb5a4ee82b35a0a8000868, clearElement {id=f.A243AB7E367F783A3FF64C30CF1999A4.d.BC392E1087B42BC611F2EC31C32EBC15.e.25}]
Capabilities {acceptInsecureCerts: false, browserName: chrome, browserVersion: 136.0.7103.49, chrome: {chromedriverVersion: 136.0.7103.49 (031848bc6ad0..., userDataDir: C:\Users\chand\AppData\Loca...}, fedcm:accounts: true, goog:chromeOptions: {debuggerAddress: localhost:61315}, networkConnectionEnabled: false, pageLoadStrategy: normal, platformName: windows, proxy: Proxy(), se:cdp: ws://localhost:61315/devtoo..., se:cdpVersion: 136.0.7103.49, setWindowRect: true, strictFileInteractability: false, timeouts: {implicit: 0, pageLoad: 300000, script: 30000}, unhandledPromptBehavior: dismiss and notify, webauthn:extension:credBlob: true, webauthn:extension:largeBlob: true, webauthn:extension:minPinLength: true, webauthn:extension:prf: true, webauthn:virtualAuthenticators: true}
Element: [[ChromeDriver: chrome on windows (d5ce62e5d1bb5a4ee82b35a0a8000868)] -&gt; xpath: //div[@class=&apos;input&apos;]//textarea]
Session ID: d5ce62e5d1bb5a4ee82b35a0a8000868
	at java.base/jdk.internal.reflect.DirectConstructorHandleAccessor.newInstance(DirectConstructorHandleAccessor.java:62)
	at java.base/java.lang.reflect.Constructor.newInstanceWithCaller(Constructor.java:501)
	at java.base/java.lang.reflect.Constructor.newInstance(Constructor.java:485)
	at org.openqa.selenium.remote.ErrorCodec.decode(ErrorCodec.java:167)
	at org.openqa.selenium.remote.codec.w3c.W3CHttpResponseCodec.decode(W3CHttpResponseCodec.java:138)
	at org.openqa.selenium.remote.codec.w3c.W3CHttpResponseCodec.decode(W3CHttpResponseCodec.java:50)
	at org.openqa.selenium.remote.HttpCommandExecutor.execute(HttpCommandExecutor.java:215)
	at org.openqa.selenium.remote.service.DriverCommandExecutor.invokeExecute(DriverCommandExecutor.java:216)
	at org.openqa.selenium.remote.service.DriverCommandExecutor.execute(DriverCommandExecutor.java:174)
	at org.openqa.selenium.remote.RemoteWebDriver.execute(RemoteWebDriver.java:545)
	at org.openqa.selenium.remote.RemoteWebElement.execute(RemoteWebElement.java:223)
	at org.openqa.selenium.remote.RemoteWebElement.clear(RemoteWebElement.java:129)
	at java.base/jdk.internal.reflect.DirectMethodHandleAccessor.invoke(DirectMethodHandleAccessor.java:103)
	at java.base/java.lang.reflect.Method.invoke(Method.java:580)
	at org.openqa.selenium.support.pagefactory.internal.LocatingElementHandler.invoke(LocatingElementHandler.java:51)
	at jdk.proxy2/jdk.proxy2.$Proxy40.clear(Unknown Source)
	at pageObject.ArraysPage.clearEditor1(ArraysPage.java:329)
	at stepDefinitions.ArraysStep.the_user_writes_valid_code_from_row_number_and_clicks_the_run_button_Search_the_array(ArraysStep.java:292)
	at ✽.The user writes valid code from row number and clicks the Run Button Search the array(file:///C:/Workspace/Ds-Algo2025/src/test/resources/Feature/Arrays.feature:73)

</div> <!-- stack-trace -->
                  <em>
(Runs Cucumber Scenarios)                  </em>
                </div> <!-- method-content -->
              </div> <!-- method -->
              <div class="method">
                <div class="method-content">
                  <a name="runScenario(&quot;Verify that user receives Success message on submitting valid python code for Find Numbers with Eve...)">
                  </a> <!-- runScenario("Verify that user receives Success message on submitting valid python code for Find Numbers with Eve...) -->
                  <span class="method-name">runScenario</span>
                  <span class="parameters">("Verify that user receives Success message on submitting valid python code for Find Numbers with Even Number of Digits question","Arrays PracticeQuestion")</span>
                  <div class="stack-trace">org.openqa.selenium.ElementNotInteractableException: element not interactable
  (Session info: chrome=136.0.7103.49)
Build info: version: &apos;4.29.0&apos;, revision: &apos;5fc1ec94cb&apos;
System info: os.name: &apos;Windows 11&apos;, os.arch: &apos;amd64&apos;, os.version: &apos;10.0&apos;, java.version: &apos;23.0.2&apos;
Driver info: org.openqa.selenium.chrome.ChromeDriver
Command: [12af488681a54a97999530de18bee5df, clearElement {id=f.6ADB3068B11E91D3A9DF50898E249836.d.4B071859288DE8E4362232BA6263903A.e.24}]
Capabilities {acceptInsecureCerts: false, browserName: chrome, browserVersion: 136.0.7103.49, chrome: {chromedriverVersion: 136.0.7103.49 (031848bc6ad0..., userDataDir: C:\Users\chand\AppData\Loca...}, fedcm:accounts: true, goog:chromeOptions: {debuggerAddress: localhost:64060}, networkConnectionEnabled: false, pageLoadStrategy: normal, platformName: windows, proxy: Proxy(), se:cdp: ws://localhost:64060/devtoo..., se:cdpVersion: 136.0.7103.49, setWindowRect: true, strictFileInteractability: false, timeouts: {implicit: 0, pageLoad: 300000, script: 30000}, unhandledPromptBehavior: dismiss and notify, webauthn:extension:credBlob: true, webauthn:extension:largeBlob: true, webauthn:extension:minPinLength: true, webauthn:extension:prf: true, webauthn:virtualAuthenticators: true}
Element: [[ChromeDriver: chrome on windows (12af488681a54a97999530de18bee5df)] -&gt; xpath: //div[@class=&apos;input&apos;]//textarea]
Session ID: 12af488681a54a97999530de18bee5df
	at java.base/jdk.internal.reflect.DirectConstructorHandleAccessor.newInstance(DirectConstructorHandleAccessor.java:62)
	at java.base/java.lang.reflect.Constructor.newInstanceWithCaller(Constructor.java:501)
	at java.base/java.lang.reflect.Constructor.newInstance(Constructor.java:485)
	at org.openqa.selenium.remote.ErrorCodec.decode(ErrorCodec.java:167)
	at org.openqa.selenium.remote.codec.w3c.W3CHttpResponseCodec.decode(W3CHttpResponseCodec.java:138)
	at org.openqa.selenium.remote.codec.w3c.W3CHttpResponseCodec.decode(W3CHttpResponseCodec.java:50)
	at org.openqa.selenium.remote.HttpCommandExecutor.execute(HttpCommandExecutor.java:215)
	at org.openqa.selenium.remote.service.DriverCommandExecutor.invokeExecute(DriverCommandExecutor.java:216)
	at org.openqa.selenium.remote.service.DriverCommandExecutor.execute(DriverCommandExecutor.java:174)
	at org.openqa.selenium.remote.RemoteWebDriver.execute(RemoteWebDriver.java:545)
	at org.openqa.selenium.remote.RemoteWebElement.execute(RemoteWebElement.java:223)
	at org.openqa.selenium.remote.RemoteWebElement.clear(RemoteWebElement.java:129)
	at java.base/jdk.internal.reflect.DirectMethodHandleAccessor.invoke(DirectMethodHandleAccessor.java:103)
	at java.base/java.lang.reflect.Method.invoke(Method.java:580)
	at org.openqa.selenium.support.pagefactory.internal.LocatingElementHandler.invoke(LocatingElementHandler.java:51)
	at jdk.proxy2/jdk.proxy2.$Proxy40.clear(Unknown Source)
	at pageObject.ArraysPage.clearEditor1(ArraysPage.java:329)
	at stepDefinitions.ArraysStep.the_user_writes_valid_code_from_row_number_and_clicks_the_submit_button_find_numbers(ArraysStep.java:420)
	at ✽.The user writes valid code from row number and clicks the Submit Button Find Numbers(file:///C:/Workspace/Ds-Algo2025/src/test/resources/Feature/Arrays.feature:133)

</div> <!-- stack-trace -->
                  <em>
(Runs Cucumber Scenarios)                  </em>
                </div> <!-- method-content -->
              </div> <!-- method -->
              <div class="method">
                <div class="method-content">
                  <a name="runScenario(&quot;Verify that user receives error for invalid python code on running Squares of a Sorted Array questi...)">
                  </a> <!-- runScenario("Verify that user receives error for invalid python code on running Squares of a Sorted Array questi...) -->
                  <span class="method-name">runScenario</span>
                  <span class="parameters">("Verify that user receives error for invalid python code on running Squares of a Sorted Array question","Arrays PracticeQuestion")</span>
                  <div class="stack-trace">java.lang.IndexOutOfBoundsException: Index 10 out of bounds for length 10
	at java.base/jdk.internal.util.Preconditions.outOfBounds(Preconditions.java:100)
	at java.base/jdk.internal.util.Preconditions.outOfBoundsCheckIndex(Preconditions.java:106)
	at java.base/jdk.internal.util.Preconditions.checkIndex(Preconditions.java:302)
	at java.base/java.util.Objects.checkIndex(Objects.java:365)
	at java.base/java.util.ArrayList.get(ArrayList.java:428)
	at stepDefinitions.ArraysStep.the_user_writes_invalid_code_from_row_number_and_clicks_the_run_button_sorted_array(ArraysStep.java:428)
	at ✽.The user writes invalid code from row number and clicks the Run Button Sorted Array(file:///C:/Workspace/Ds-Algo2025/src/test/resources/Feature/Arrays.feature:139)

</div> <!-- stack-trace -->
                  <em>
(Runs Cucumber Scenarios)                  </em>
                </div> <!-- method-content -->
              </div> <!-- method -->
              <div class="method">
                <div class="method-content">
                  <a name="runScenario(&quot;Verify that user receives error for invalid python code on running Search the array question&quot;, &quot;Arr...)">
                  </a> <!-- runScenario("Verify that user receives error for invalid python code on running Search the array question", "Arr...) -->
                  <span class="method-name">runScenario</span>
                  <span class="parameters">("Verify that user receives error for invalid python code on running Search the array question","Arrays PracticeQuestion")</span>
                  <div class="stack-trace">org.openqa.selenium.ElementNotInteractableException: element not interactable
  (Session info: chrome=136.0.7103.49)
Build info: version: &apos;4.29.0&apos;, revision: &apos;5fc1ec94cb&apos;
System info: os.name: &apos;Windows 11&apos;, os.arch: &apos;amd64&apos;, os.version: &apos;10.0&apos;, java.version: &apos;23.0.2&apos;
Driver info: org.openqa.selenium.chrome.ChromeDriver
Command: [ae36c2e1ccd7975d1731f7555e3226cd, clearElement {id=f.176406157840CE3F97142ADE5CC70BF0.d.CD7AAE172E53EF83CC7C09A5FB6A69EA.e.24}]
Capabilities {acceptInsecureCerts: false, browserName: chrome, browserVersion: 136.0.7103.49, chrome: {chromedriverVersion: 136.0.7103.49 (031848bc6ad0..., userDataDir: C:\Users\chand\AppData\Loca...}, fedcm:accounts: true, goog:chromeOptions: {debuggerAddress: localhost:63797}, networkConnectionEnabled: false, pageLoadStrategy: normal, platformName: windows, proxy: Proxy(), se:cdp: ws://localhost:63797/devtoo..., se:cdpVersion: 136.0.7103.49, setWindowRect: true, strictFileInteractability: false, timeouts: {implicit: 0, pageLoad: 300000, script: 30000}, unhandledPromptBehavior: dismiss and notify, webauthn:extension:credBlob: true, webauthn:extension:largeBlob: true, webauthn:extension:minPinLength: true, webauthn:extension:prf: true, webauthn:virtualAuthenticators: true}
Element: [[ChromeDriver: chrome on windows (ae36c2e1ccd7975d1731f7555e3226cd)] -&gt; xpath: //div[@class=&apos;input&apos;]//textarea]
Session ID: ae36c2e1ccd7975d1731f7555e3226cd
	at java.base/jdk.internal.reflect.DirectConstructorHandleAccessor.newInstance(DirectConstructorHandleAccessor.java:62)
	at java.base/java.lang.reflect.Constructor.newInstanceWithCaller(Constructor.java:501)
	at java.base/java.lang.reflect.Constructor.newInstance(Constructor.java:485)
	at org.openqa.selenium.remote.ErrorCodec.decode(ErrorCodec.java:167)
	at org.openqa.selenium.remote.codec.w3c.W3CHttpResponseCodec.decode(W3CHttpResponseCodec.java:138)
	at org.openqa.selenium.remote.codec.w3c.W3CHttpResponseCodec.decode(W3CHttpResponseCodec.java:50)
	at org.openqa.selenium.remote.HttpCommandExecutor.execute(HttpCommandExecutor.java:215)
	at org.openqa.selenium.remote.service.DriverCommandExecutor.invokeExecute(DriverCommandExecutor.java:216)
	at org.openqa.selenium.remote.service.DriverCommandExecutor.execute(DriverCommandExecutor.java:174)
	at org.openqa.selenium.remote.RemoteWebDriver.execute(RemoteWebDriver.java:545)
	at org.openqa.selenium.remote.RemoteWebElement.execute(RemoteWebElement.java:223)
	at org.openqa.selenium.remote.RemoteWebElement.clear(RemoteWebElement.java:129)
	at java.base/jdk.internal.reflect.DirectMethodHandleAccessor.invoke(DirectMethodHandleAccessor.java:103)
	at java.base/java.lang.reflect.Method.invoke(Method.java:580)
	at org.openqa.selenium.support.pagefactory.internal.LocatingElementHandler.invoke(LocatingElementHandler.java:51)
	at jdk.proxy2/jdk.proxy2.$Proxy40.clear(Unknown Source)
	at pageObject.ArraysPage.clearEditor1(ArraysPage.java:329)
	at stepDefinitions.ArraysStep.the_user_writes_invalid_code_from_row_number_and_clicks_the_run_button_max_consecutive_ones(ArraysStep.java:347)
	at ✽.The user writes invalid code from row number and clicks the Run Button Max Consecutive Ones(file:///C:/Workspace/Ds-Algo2025/src/test/resources/Feature/Arrays.feature:91)

</div> <!-- stack-trace -->
                  <em>
(Runs Cucumber Scenarios)                  </em>
                </div> <!-- method-content -->
              </div> <!-- method -->
              <div class="method">
                <div class="method-content">
                  <a name="runScenario(&quot;Verify that user is able to run valid python code for Max Consecutive Ones question&quot;, &quot;Arrays Pract...)">
                  </a> <!-- runScenario("Verify that user is able to run valid python code for Max Consecutive Ones question", "Arrays Pract...) -->
                  <span class="method-name">runScenario</span>
                  <span class="parameters">("Verify that user is able to run valid python code for Max Consecutive Ones question","Arrays PracticeQuestion")</span>
                  <div class="stack-trace">org.openqa.selenium.ElementNotInteractableException: element not interactable
  (Session info: chrome=136.0.7103.49)
Build info: version: &apos;4.29.0&apos;, revision: &apos;5fc1ec94cb&apos;
System info: os.name: &apos;Windows 11&apos;, os.arch: &apos;amd64&apos;, os.version: &apos;10.0&apos;, java.version: &apos;23.0.2&apos;
Driver info: org.openqa.selenium.chrome.ChromeDriver
Command: [2c0744482170b60a0e1bf8a53ba62bee, clearElement {id=f.F899091E88394EAD6EB5F6B2A914301C.d.47E2A44333F76F15B5C35B1DE2FE420F.e.25}]
Capabilities {acceptInsecureCerts: false, browserName: chrome, browserVersion: 136.0.7103.49, chrome: {chromedriverVersion: 136.0.7103.49 (031848bc6ad0..., userDataDir: C:\Users\chand\AppData\Loca...}, fedcm:accounts: true, goog:chromeOptions: {debuggerAddress: localhost:63835}, networkConnectionEnabled: false, pageLoadStrategy: normal, platformName: windows, proxy: Proxy(), se:cdp: ws://localhost:63835/devtoo..., se:cdpVersion: 136.0.7103.49, setWindowRect: true, strictFileInteractability: false, timeouts: {implicit: 0, pageLoad: 300000, script: 30000}, unhandledPromptBehavior: dismiss and notify, webauthn:extension:credBlob: true, webauthn:extension:largeBlob: true, webauthn:extension:minPinLength: true, webauthn:extension:prf: true, webauthn:virtualAuthenticators: true}
Element: [[ChromeDriver: chrome on windows (2c0744482170b60a0e1bf8a53ba62bee)] -&gt; xpath: //div[@class=&apos;input&apos;]//textarea]
Session ID: 2c0744482170b60a0e1bf8a53ba62bee
	at java.base/jdk.internal.reflect.DirectConstructorHandleAccessor.newInstance(DirectConstructorHandleAccessor.java:62)
	at java.base/java.lang.reflect.Constructor.newInstanceWithCaller(Constructor.java:501)
	at java.base/java.lang.reflect.Constructor.newInstance(Constructor.java:485)
	at org.openqa.selenium.remote.ErrorCodec.decode(ErrorCodec.java:167)
	at org.openqa.selenium.remote.codec.w3c.W3CHttpResponseCodec.decode(W3CHttpResponseCodec.java:138)
	at org.openqa.selenium.remote.codec.w3c.W3CHttpResponseCodec.decode(W3CHttpResponseCodec.java:50)
	at org.openqa.selenium.remote.HttpCommandExecutor.execute(HttpCommandExecutor.java:215)
	at org.openqa.selenium.remote.service.DriverCommandExecutor.invokeExecute(DriverCommandExecutor.java:216)
	at org.openqa.selenium.remote.service.DriverCommandExecutor.execute(DriverCommandExecutor.java:174)
	at org.openqa.selenium.remote.RemoteWebDriver.execute(RemoteWebDriver.java:545)
	at org.openqa.selenium.remote.RemoteWebElement.execute(RemoteWebElement.java:223)
	at org.openqa.selenium.remote.RemoteWebElement.clear(RemoteWebElement.java:129)
	at java.base/jdk.internal.reflect.DirectMethodHandleAccessor.invoke(DirectMethodHandleAccessor.java:103)
	at java.base/java.lang.reflect.Method.invoke(Method.java:580)
	at org.openqa.selenium.support.pagefactory.internal.LocatingElementHandler.invoke(LocatingElementHandler.java:51)
	at jdk.proxy2/jdk.proxy2.$Proxy40.clear(Unknown Source)
	at pageObject.ArraysPage.clearEditor1(ArraysPage.java:329)
	at stepDefinitions.ArraysStep.the_user_writes_valid_code_from_row_number_and_clicks_the_run_button_max_consecutive_ones(ArraysStep.java:358)
	at ✽.The user writes valid code from row number and clicks the Run Button Max Consecutive Ones(file:///C:/Workspace/Ds-Algo2025/src/test/resources/Feature/Arrays.feature:97)

</div> <!-- stack-trace -->
                  <em>
(Runs Cucumber Scenarios)                  </em>
                </div> <!-- method-content -->
              </div> <!-- method -->
              <div class="method">
                <div class="method-content">
                  <a name="runScenario(&quot;Verify that user is able to run valid python code for Find Numbers with Even Number of Digits quest...)">
                  </a> <!-- runScenario("Verify that user is able to run valid python code for Find Numbers with Even Number of Digits quest...) -->
                  <span class="method-name">runScenario</span>
                  <span class="parameters">("Verify that user is able to run valid python code for Find Numbers with Even Number of Digits question","Arrays PracticeQuestion")</span>
                  <div class="stack-trace">org.openqa.selenium.ElementNotInteractableException: element not interactable
  (Session info: chrome=136.0.7103.49)
Build info: version: &apos;4.29.0&apos;, revision: &apos;5fc1ec94cb&apos;
System info: os.name: &apos;Windows 11&apos;, os.arch: &apos;amd64&apos;, os.version: &apos;10.0&apos;, java.version: &apos;23.0.2&apos;
Driver info: org.openqa.selenium.chrome.ChromeDriver
Command: [b97f02d6da2738157ec67de355ee8682, clearElement {id=f.5049C20A2A7F31834610F073729DCE8B.d.EECA9A64681DC00082A92F0A2F65997E.e.24}]
Capabilities {acceptInsecureCerts: false, browserName: chrome, browserVersion: 136.0.7103.49, chrome: {chromedriverVersion: 136.0.7103.49 (031848bc6ad0..., userDataDir: C:\Users\chand\AppData\Loca...}, fedcm:accounts: true, goog:chromeOptions: {debuggerAddress: localhost:63996}, networkConnectionEnabled: false, pageLoadStrategy: normal, platformName: windows, proxy: Proxy(), se:cdp: ws://localhost:63996/devtoo..., se:cdpVersion: 136.0.7103.49, setWindowRect: true, strictFileInteractability: false, timeouts: {implicit: 0, pageLoad: 300000, script: 30000}, unhandledPromptBehavior: dismiss and notify, webauthn:extension:credBlob: true, webauthn:extension:largeBlob: true, webauthn:extension:minPinLength: true, webauthn:extension:prf: true, webauthn:virtualAuthenticators: true}
Element: [[ChromeDriver: chrome on windows (b97f02d6da2738157ec67de355ee8682)] -&gt; xpath: //div[@class=&apos;input&apos;]//textarea]
Session ID: b97f02d6da2738157ec67de355ee8682
	at java.base/jdk.internal.reflect.DirectConstructorHandleAccessor.newInstance(DirectConstructorHandleAccessor.java:62)
	at java.base/java.lang.reflect.Constructor.newInstanceWithCaller(Constructor.java:501)
	at java.base/java.lang.reflect.Constructor.newInstance(Constructor.java:485)
	at org.openqa.selenium.remote.ErrorCodec.decode(ErrorCodec.java:167)
	at org.openqa.selenium.remote.codec.w3c.W3CHttpResponseCodec.decode(W3CHttpResponseCodec.java:138)
	at org.openqa.selenium.remote.codec.w3c.W3CHttpResponseCodec.decode(W3CHttpResponseCodec.java:50)
	at org.openqa.selenium.remote.HttpCommandExecutor.execute(HttpCommandExecutor.java:215)
	at org.openqa.selenium.remote.service.DriverCommandExecutor.invokeExecute(DriverCommandExecutor.java:216)
	at org.openqa.selenium.remote.service.DriverCommandExecutor.execute(DriverCommandExecutor.java:174)
	at org.openqa.selenium.remote.RemoteWebDriver.execute(RemoteWebDriver.java:545)
	at org.openqa.selenium.remote.RemoteWebElement.execute(RemoteWebElement.java:223)
	at org.openqa.selenium.remote.RemoteWebElement.clear(RemoteWebElement.java:129)
	at java.base/jdk.internal.reflect.DirectMethodHandleAccessor.invoke(DirectMethodHandleAccessor.java:103)
	at java.base/java.lang.reflect.Method.invoke(Method.java:580)
	at org.openqa.selenium.support.pagefactory.internal.LocatingElementHandler.invoke(LocatingElementHandler.java:51)
	at jdk.proxy2/jdk.proxy2.$Proxy40.clear(Unknown Source)
	at pageObject.ArraysPage.clearEditor1(ArraysPage.java:329)
	at stepDefinitions.ArraysStep.the_user_writes_valid_code_from_row_number_and_clicks_the_run_button_find_numbers(ArraysStep.java:399)
	at ✽.The user writes valid code from row number and clicks the Run Button Find Numbers(file:///C:/Workspace/Ds-Algo2025/src/test/resources/Feature/Arrays.feature:121)

</div> <!-- stack-trace -->
                  <em>
(Runs Cucumber Scenarios)                  </em>
                </div> <!-- method-content -->
              </div> <!-- method -->
              <div class="method">
                <div class="method-content">
                  <a name="runScenario(&quot;Verify that user receives error on submitting invalid python code for &quot;Max Consecutive Ones&quot; questi...)">
                  </a> <!-- runScenario("Verify that user receives error on submitting invalid python code for "Max Consecutive Ones" questi...) -->
                  <span class="method-name">runScenario</span>
                  <span class="parameters">("Verify that user receives error on submitting invalid python code for "Max Consecutive Ones" question","Arrays PracticeQuestion")</span>
                  <div class="stack-trace">org.openqa.selenium.ElementNotInteractableException: element not interactable
  (Session info: chrome=136.0.7103.49)
Build info: version: &apos;4.29.0&apos;, revision: &apos;5fc1ec94cb&apos;
System info: os.name: &apos;Windows 11&apos;, os.arch: &apos;amd64&apos;, os.version: &apos;10.0&apos;, java.version: &apos;23.0.2&apos;
Driver info: org.openqa.selenium.chrome.ChromeDriver
Command: [9e095e0b3f6723629ed54bd5f7af7e3d, clearElement {id=f.4D2D7AAE0E453338E6965B5DA6D9F007.d.2791129580E03343ACF696DA6AF295AA.e.25}]
Capabilities {acceptInsecureCerts: false, browserName: chrome, browserVersion: 136.0.7103.49, chrome: {chromedriverVersion: 136.0.7103.49 (031848bc6ad0..., userDataDir: C:\Users\chand\AppData\Loca...}, fedcm:accounts: true, goog:chromeOptions: {debuggerAddress: localhost:63870}, networkConnectionEnabled: false, pageLoadStrategy: normal, platformName: windows, proxy: Proxy(), se:cdp: ws://localhost:63870/devtoo..., se:cdpVersion: 136.0.7103.49, setWindowRect: true, strictFileInteractability: false, timeouts: {implicit: 0, pageLoad: 300000, script: 30000}, unhandledPromptBehavior: dismiss and notify, webauthn:extension:credBlob: true, webauthn:extension:largeBlob: true, webauthn:extension:minPinLength: true, webauthn:extension:prf: true, webauthn:virtualAuthenticators: true}
Element: [[ChromeDriver: chrome on windows (9e095e0b3f6723629ed54bd5f7af7e3d)] -&gt; xpath: //div[@class=&apos;input&apos;]//textarea]
Session ID: 9e095e0b3f6723629ed54bd5f7af7e3d
	at java.base/jdk.internal.reflect.DirectConstructorHandleAccessor.newInstance(DirectConstructorHandleAccessor.java:62)
	at java.base/java.lang.reflect.Constructor.newInstanceWithCaller(Constructor.java:501)
	at java.base/java.lang.reflect.Constructor.newInstance(Constructor.java:485)
	at org.openqa.selenium.remote.ErrorCodec.decode(ErrorCodec.java:167)
	at org.openqa.selenium.remote.codec.w3c.W3CHttpResponseCodec.decode(W3CHttpResponseCodec.java:138)
	at org.openqa.selenium.remote.codec.w3c.W3CHttpResponseCodec.decode(W3CHttpResponseCodec.java:50)
	at org.openqa.selenium.remote.HttpCommandExecutor.execute(HttpCommandExecutor.java:215)
	at org.openqa.selenium.remote.service.DriverCommandExecutor.invokeExecute(DriverCommandExecutor.java:216)
	at org.openqa.selenium.remote.service.DriverCommandExecutor.execute(DriverCommandExecutor.java:174)
	at org.openqa.selenium.remote.RemoteWebDriver.execute(RemoteWebDriver.java:545)
	at org.openqa.selenium.remote.RemoteWebElement.execute(RemoteWebElement.java:223)
	at org.openqa.selenium.remote.RemoteWebElement.clear(RemoteWebElement.java:129)
	at java.base/jdk.internal.reflect.DirectMethodHandleAccessor.invoke(DirectMethodHandleAccessor.java:103)
	at java.base/java.lang.reflect.Method.invoke(Method.java:580)
	at org.openqa.selenium.support.pagefactory.internal.LocatingElementHandler.invoke(LocatingElementHandler.java:51)
	at jdk.proxy2/jdk.proxy2.$Proxy40.clear(Unknown Source)
	at pageObject.ArraysPage.clearEditor1(ArraysPage.java:329)
	at stepDefinitions.ArraysStep.the_user_writes_invalid_code_from_row_number_and_clicks_the_submit_button_max_consecutive_ones(ArraysStep.java:368)
	at ✽.The user writes invalid code from row number and clicks the Submit Button Max Consecutive Ones(file:///C:/Workspace/Ds-Algo2025/src/test/resources/Feature/Arrays.feature:103)

</div> <!-- stack-trace -->
                  <em>
(Runs Cucumber Scenarios)                  </em>
                </div> <!-- method-content -->
              </div> <!-- method -->
              <div class="method">
                <div class="method-content">
                  <a name="runScenario(&quot;Verify that user receives error on submitting invalid python code for Squares of a Sorted Array que...)">
                  </a> <!-- runScenario("Verify that user receives error on submitting invalid python code for Squares of a Sorted Array que...) -->
                  <span class="method-name">runScenario</span>
                  <span class="parameters">("Verify that user receives error on submitting invalid python code for Squares of a Sorted Array question","Arrays PracticeQuestion")</span>
                  <div class="stack-trace">java.lang.IndexOutOfBoundsException: Index 10 out of bounds for length 10
	at java.base/jdk.internal.util.Preconditions.outOfBounds(Preconditions.java:100)
	at java.base/jdk.internal.util.Preconditions.outOfBoundsCheckIndex(Preconditions.java:106)
	at java.base/jdk.internal.util.Preconditions.checkIndex(Preconditions.java:302)
	at java.base/java.util.Objects.checkIndex(Objects.java:365)
	at java.base/java.util.ArrayList.get(ArrayList.java:428)
	at stepDefinitions.ArraysStep.the_user_writes_invalid_code_from_row_number_and_clicks_the_submit_button_sorted_array(ArraysStep.java:450)
	at ✽.The user writes invalid code from row number and clicks the Submit Button Sorted Array(file:///C:/Workspace/Ds-Algo2025/src/test/resources/Feature/Arrays.feature:151)

</div> <!-- stack-trace -->
                  <em>
(Runs Cucumber Scenarios)                  </em>
                </div> <!-- method-content -->
              </div> <!-- method -->
              <div class="method">
                <div class="method-content">
                  <a name="runScenario(&quot;Verify that user receives Success message on submitting valid python code for &quot;Max Consecutive Ones...)">
                  </a> <!-- runScenario("Verify that user receives Success message on submitting valid python code for "Max Consecutive Ones...) -->
                  <span class="method-name">runScenario</span>
                  <span class="parameters">("Verify that user receives Success message on submitting valid python code for "Max Consecutive Ones" question","Arrays PracticeQuestion")</span>
                  <div class="stack-trace">org.openqa.selenium.ElementNotInteractableException: element not interactable
  (Session info: chrome=136.0.7103.49)
Build info: version: &apos;4.29.0&apos;, revision: &apos;5fc1ec94cb&apos;
System info: os.name: &apos;Windows 11&apos;, os.arch: &apos;amd64&apos;, os.version: &apos;10.0&apos;, java.version: &apos;23.0.2&apos;
Driver info: org.openqa.selenium.chrome.ChromeDriver
Command: [4334b2f4914311b25b4808aebcfcd552, clearElement {id=f.B1B19A321053101D7F86419E82A969D8.d.89C0F8F41B2A9CD79B79B2D434D27551.e.25}]
Capabilities {acceptInsecureCerts: false, browserName: chrome, browserVersion: 136.0.7103.49, chrome: {chromedriverVersion: 136.0.7103.49 (031848bc6ad0..., userDataDir: C:\Users\chand\AppData\Loca...}, fedcm:accounts: true, goog:chromeOptions: {debuggerAddress: localhost:63915}, networkConnectionEnabled: false, pageLoadStrategy: normal, platformName: windows, proxy: Proxy(), se:cdp: ws://localhost:63915/devtoo..., se:cdpVersion: 136.0.7103.49, setWindowRect: true, strictFileInteractability: false, timeouts: {implicit: 0, pageLoad: 300000, script: 30000}, unhandledPromptBehavior: dismiss and notify, webauthn:extension:credBlob: true, webauthn:extension:largeBlob: true, webauthn:extension:minPinLength: true, webauthn:extension:prf: true, webauthn:virtualAuthenticators: true}
Element: [[ChromeDriver: chrome on windows (4334b2f4914311b25b4808aebcfcd552)] -&gt; xpath: //div[@class=&apos;input&apos;]//textarea]
Session ID: 4334b2f4914311b25b4808aebcfcd552
	at java.base/jdk.internal.reflect.DirectConstructorHandleAccessor.newInstance(DirectConstructorHandleAccessor.java:62)
	at java.base/java.lang.reflect.Constructor.newInstanceWithCaller(Constructor.java:501)
	at java.base/java.lang.reflect.Constructor.newInstance(Constructor.java:485)
	at org.openqa.selenium.remote.ErrorCodec.decode(ErrorCodec.java:167)
	at org.openqa.selenium.remote.codec.w3c.W3CHttpResponseCodec.decode(W3CHttpResponseCodec.java:138)
	at org.openqa.selenium.remote.codec.w3c.W3CHttpResponseCodec.decode(W3CHttpResponseCodec.java:50)
	at org.openqa.selenium.remote.HttpCommandExecutor.execute(HttpCommandExecutor.java:215)
	at org.openqa.selenium.remote.service.DriverCommandExecutor.invokeExecute(DriverCommandExecutor.java:216)
	at org.openqa.selenium.remote.service.DriverCommandExecutor.execute(DriverCommandExecutor.java:174)
	at org.openqa.selenium.remote.RemoteWebDriver.execute(RemoteWebDriver.java:545)
	at org.openqa.selenium.remote.RemoteWebElement.execute(RemoteWebElement.java:223)
	at org.openqa.selenium.remote.RemoteWebElement.clear(RemoteWebElement.java:129)
	at java.base/jdk.internal.reflect.DirectMethodHandleAccessor.invoke(DirectMethodHandleAccessor.java:103)
	at java.base/java.lang.reflect.Method.invoke(Method.java:580)
	at org.openqa.selenium.support.pagefactory.internal.LocatingElementHandler.invoke(LocatingElementHandler.java:51)
	at jdk.proxy2/jdk.proxy2.$Proxy40.clear(Unknown Source)
	at pageObject.ArraysPage.clearEditor1(ArraysPage.java:329)
	at stepDefinitions.ArraysStep.the_user_writes_valid_code_from_row_number_and_clicks_the_submit_button_max_consecutive_ones(ArraysStep.java:378)
	at ✽.The user writes valid code from row number and clicks the Submit Button Max Consecutive Ones(file:///C:/Workspace/Ds-Algo2025/src/test/resources/Feature/Arrays.feature:109)

</div> <!-- stack-trace -->
                  <em>
(Runs Cucumber Scenarios)                  </em>
                </div> <!-- method-content -->
              </div> <!-- method -->
              <div class="method">
                <div class="method-content">
                  <a name="runScenario(&quot;Verify that user receives error for invalid python code for &quot;Arrays in Python&quot; page&quot;, &quot;Arrays Pract...)">
                  </a> <!-- runScenario("Verify that user receives error for invalid python code for "Arrays in Python" page", "Arrays Pract...) -->
                  <span class="method-name">runScenario</span>
                  <span class="parameters">("Verify that user receives error for invalid python code for "Arrays in Python" page","Arrays PracticeQuestion")</span>
                  <div class="stack-trace">java.lang.AssertionError: Bug: No feedback (error message, alert, or output) shown for empty code.
	at stepDefinitions.ArraysStep.the_user_should_see_an_error_message_in_alert_window(ArraysStep.java:152)
	at ✽.The user should see an error message in alert window(file:///C:/Workspace/Ds-Algo2025/src/test/resources/Feature/Arrays.feature:35)

</div> <!-- stack-trace -->
                  <em>
(Runs Cucumber Scenarios)                  </em>
                </div> <!-- method-content -->
              </div> <!-- method -->
              <div class="method">
                <div class="method-content">
                  <a name="runScenario(&quot;Verify that user receives error for invalid python code on running Find Numbers with Even Number of...)">
                  </a> <!-- runScenario("Verify that user receives error for invalid python code on running Find Numbers with Even Number of...) -->
                  <span class="method-name">runScenario</span>
                  <span class="parameters">("Verify that user receives error for invalid python code on running Find Numbers with Even Number of Digits question","Arrays PracticeQuestion")</span>
                  <div class="stack-trace">org.openqa.selenium.ElementNotInteractableException: element not interactable
  (Session info: chrome=136.0.7103.49)
Build info: version: &apos;4.29.0&apos;, revision: &apos;5fc1ec94cb&apos;
System info: os.name: &apos;Windows 11&apos;, os.arch: &apos;amd64&apos;, os.version: &apos;10.0&apos;, java.version: &apos;23.0.2&apos;
Driver info: org.openqa.selenium.chrome.ChromeDriver
Command: [bd4b29fe23dd95ab703ba5399403379e, clearElement {id=f.C8AA226ED7FD7209BAEC9195A3733A42.d.3AD33133E8D785E6EE13390713FFCA56.e.24}]
Capabilities {acceptInsecureCerts: false, browserName: chrome, browserVersion: 136.0.7103.49, chrome: {chromedriverVersion: 136.0.7103.49 (031848bc6ad0..., userDataDir: C:\Users\chand\AppData\Loca...}, fedcm:accounts: true, goog:chromeOptions: {debuggerAddress: localhost:63957}, networkConnectionEnabled: false, pageLoadStrategy: normal, platformName: windows, proxy: Proxy(), se:cdp: ws://localhost:63957/devtoo..., se:cdpVersion: 136.0.7103.49, setWindowRect: true, strictFileInteractability: false, timeouts: {implicit: 0, pageLoad: 300000, script: 30000}, unhandledPromptBehavior: dismiss and notify, webauthn:extension:credBlob: true, webauthn:extension:largeBlob: true, webauthn:extension:minPinLength: true, webauthn:extension:prf: true, webauthn:virtualAuthenticators: true}
Element: [[ChromeDriver: chrome on windows (bd4b29fe23dd95ab703ba5399403379e)] -&gt; xpath: //div[@class=&apos;input&apos;]//textarea]
Session ID: bd4b29fe23dd95ab703ba5399403379e
	at java.base/jdk.internal.reflect.DirectConstructorHandleAccessor.newInstance(DirectConstructorHandleAccessor.java:62)
	at java.base/java.lang.reflect.Constructor.newInstanceWithCaller(Constructor.java:501)
	at java.base/java.lang.reflect.Constructor.newInstance(Constructor.java:485)
	at org.openqa.selenium.remote.ErrorCodec.decode(ErrorCodec.java:167)
	at org.openqa.selenium.remote.codec.w3c.W3CHttpResponseCodec.decode(W3CHttpResponseCodec.java:138)
	at org.openqa.selenium.remote.codec.w3c.W3CHttpResponseCodec.decode(W3CHttpResponseCodec.java:50)
	at org.openqa.selenium.remote.HttpCommandExecutor.execute(HttpCommandExecutor.java:215)
	at org.openqa.selenium.remote.service.DriverCommandExecutor.invokeExecute(DriverCommandExecutor.java:216)
	at org.openqa.selenium.remote.service.DriverCommandExecutor.execute(DriverCommandExecutor.java:174)
	at org.openqa.selenium.remote.RemoteWebDriver.execute(RemoteWebDriver.java:545)
	at org.openqa.selenium.remote.RemoteWebElement.execute(RemoteWebElement.java:223)
	at org.openqa.selenium.remote.RemoteWebElement.clear(RemoteWebElement.java:129)
	at java.base/jdk.internal.reflect.DirectMethodHandleAccessor.invoke(DirectMethodHandleAccessor.java:103)
	at java.base/java.lang.reflect.Method.invoke(Method.java:580)
	at org.openqa.selenium.support.pagefactory.internal.LocatingElementHandler.invoke(LocatingElementHandler.java:51)
	at jdk.proxy2/jdk.proxy2.$Proxy40.clear(Unknown Source)
	at pageObject.ArraysPage.clearEditor1(ArraysPage.java:329)
	at stepDefinitions.ArraysStep.the_user_writes_invalid_code_from_row_number_and_clicks_the_run_button_find_numbers(ArraysStep.java:388)
	at ✽.The user writes invalid code from row number and clicks the Run Button Find Numbers(file:///C:/Workspace/Ds-Algo2025/src/test/resources/Feature/Arrays.feature:115)

</div> <!-- stack-trace -->
                  <em>
(Runs Cucumber Scenarios)                  </em>
                </div> <!-- method-content -->
              </div> <!-- method -->
              <div class="method">
                <div class="method-content">
                  <a name="runScenario(&quot;Verify that user is able to see output for valid python code for &quot;Arrays in Python&quot; page&quot;, &quot;Arrays ...)">
                  </a> <!-- runScenario("Verify that user is able to see output for valid python code for "Arrays in Python" page", "Arrays ...) -->
                  <span class="method-name">runScenario</span>
                  <span class="parameters">("Verify that user is able to see output for valid python code for "Arrays in Python" page","Arrays PracticeQuestion")</span>
                  <div class="stack-trace">java.lang.AssertionError: Output is empty
	at org.junit.Assert.fail(Assert.java:89)
	at org.junit.Assert.assertTrue(Assert.java:42)
	at org.junit.Assert.assertFalse(Assert.java:65)
	at stepDefinitions.ArraysStep.the_user_should_see_output_in_the_console(ArraysStep.java:186)
	at ✽.The user should see output in the console(file:///C:/Workspace/Ds-Algo2025/src/test/resources/Feature/Arrays.feature:40)

</div> <!-- stack-trace -->
                  <em>
(Runs Cucumber Scenarios)                  </em>
                </div> <!-- method-content -->
              </div> <!-- method -->
              <div class="method">
                <div class="method-content">
                  <a name="runScenario(&quot;Verify that user receives error on submitting invalid python code for Find Numbers with Even Number...)">
                  </a> <!-- runScenario("Verify that user receives error on submitting invalid python code for Find Numbers with Even Number...) -->
                  <span class="method-name">runScenario</span>
                  <span class="parameters">("Verify that user receives error on submitting invalid python code for Find Numbers with Even Number of Digits question","Arrays PracticeQuestion")</span>
                  <div class="stack-trace">org.openqa.selenium.ElementNotInteractableException: element not interactable
  (Session info: chrome=136.0.7103.49)
Build info: version: &apos;4.29.0&apos;, revision: &apos;5fc1ec94cb&apos;
System info: os.name: &apos;Windows 11&apos;, os.arch: &apos;amd64&apos;, os.version: &apos;10.0&apos;, java.version: &apos;23.0.2&apos;
Driver info: org.openqa.selenium.chrome.ChromeDriver
Command: [fac55ec8d7659870f9055146e1126664, clearElement {id=f.F299ED97C0F80BCB98C59944A2BC55F2.d.140A8D3F40F0559BC8DB03823E130903.e.24}]
Capabilities {acceptInsecureCerts: false, browserName: chrome, browserVersion: 136.0.7103.49, chrome: {chromedriverVersion: 136.0.7103.49 (031848bc6ad0..., userDataDir: C:\Users\chand\AppData\Loca...}, fedcm:accounts: true, goog:chromeOptions: {debuggerAddress: localhost:64028}, networkConnectionEnabled: false, pageLoadStrategy: normal, platformName: windows, proxy: Proxy(), se:cdp: ws://localhost:64028/devtoo..., se:cdpVersion: 136.0.7103.49, setWindowRect: true, strictFileInteractability: false, timeouts: {implicit: 0, pageLoad: 300000, script: 30000}, unhandledPromptBehavior: dismiss and notify, webauthn:extension:credBlob: true, webauthn:extension:largeBlob: true, webauthn:extension:minPinLength: true, webauthn:extension:prf: true, webauthn:virtualAuthenticators: true}
Element: [[ChromeDriver: chrome on windows (fac55ec8d7659870f9055146e1126664)] -&gt; xpath: //div[@class=&apos;input&apos;]//textarea]
Session ID: fac55ec8d7659870f9055146e1126664
	at java.base/jdk.internal.reflect.DirectConstructorHandleAccessor.newInstance(DirectConstructorHandleAccessor.java:62)
	at java.base/java.lang.reflect.Constructor.newInstanceWithCaller(Constructor.java:501)
	at java.base/java.lang.reflect.Constructor.newInstance(Constructor.java:485)
	at org.openqa.selenium.remote.ErrorCodec.decode(ErrorCodec.java:167)
	at org.openqa.selenium.remote.codec.w3c.W3CHttpResponseCodec.decode(W3CHttpResponseCodec.java:138)
	at org.openqa.selenium.remote.codec.w3c.W3CHttpResponseCodec.decode(W3CHttpResponseCodec.java:50)
	at org.openqa.selenium.remote.HttpCommandExecutor.execute(HttpCommandExecutor.java:215)
	at org.openqa.selenium.remote.service.DriverCommandExecutor.invokeExecute(DriverCommandExecutor.java:216)
	at org.openqa.selenium.remote.service.DriverCommandExecutor.execute(DriverCommandExecutor.java:174)
	at org.openqa.selenium.remote.RemoteWebDriver.execute(RemoteWebDriver.java:545)
	at org.openqa.selenium.remote.RemoteWebElement.execute(RemoteWebElement.java:223)
	at org.openqa.selenium.remote.RemoteWebElement.clear(RemoteWebElement.java:129)
	at java.base/jdk.internal.reflect.DirectMethodHandleAccessor.invoke(DirectMethodHandleAccessor.java:103)
	at java.base/java.lang.reflect.Method.invoke(Method.java:580)
	at org.openqa.selenium.support.pagefactory.internal.LocatingElementHandler.invoke(LocatingElementHandler.java:51)
	at jdk.proxy2/jdk.proxy2.$Proxy40.clear(Unknown Source)
	at pageObject.ArraysPage.clearEditor1(ArraysPage.java:329)
	at stepDefinitions.ArraysStep.the_user_writes_invalid_code_from_row_number_and_clicks_the_submit_button_find_numbers(ArraysStep.java:410)
	at ✽.The user writes invalid code from row number and clicks the Submit Button Find Numbers(file:///C:/Workspace/Ds-Algo2025/src/test/resources/Feature/Arrays.feature:127)

</div> <!-- stack-trace -->
                  <em>
(Runs Cucumber Scenarios)                  </em>
                </div> <!-- method-content -->
              </div> <!-- method -->
            </div> <!-- main-panel-content rounded-window-bottom -->
          </div> <!-- suite-Default_suite-class-failed -->
          <div class="suite-Default_suite-class-passed">
            <div class="main-panel-header rounded-window-top">
              <img src="passed.png"/>
              <span class="class-name">testRunner.DsalgoRunner</span>
            </div> <!-- main-panel-header rounded-window-top -->
            <div class="main-panel-content rounded-window-bottom">
              <div class="method">
                <div class="method-content">
                  <a name="runScenario(&quot;Verify that user is able to navigate to &quot;try Editor&quot; page&quot;, &quot;To test DataStructuresIntroduction fun...)">
                  </a> <!-- runScenario("Verify that user is able to navigate to "try Editor" page", "To test DataStructuresIntroduction fun...) -->
                  <span class="method-name">runScenario</span>
                  <span class="parameters">("Verify that user is able to navigate to "try Editor" page","To test DataStructuresIntroduction functionality")</span>
                  <em>
(Runs Cucumber Scenarios)                  </em>
                </div> <!-- method-content -->
              </div> <!-- method -->
              <div class="method">
                <div class="method-content">
                  <a name="runScenario(&quot;Verify that the user is able to scroll down and click Try Here button&quot;, &quot;Arrays PracticeQuestion&quot;)">
                  </a> <!-- runScenario("Verify that the user is able to scroll down and click Try Here button", "Arrays PracticeQuestion") -->
                  <span class="method-name">runScenario</span>
                  <span class="parameters">("Verify that the user is able to scroll down and click Try Here button","Arrays PracticeQuestion")</span>
                  <em>
(Runs Cucumber Scenarios)                  </em>
                </div> <!-- method-content -->
              </div> <!-- method -->
              <div class="method">
                <div class="method-content">
                  <a name="runScenario(&quot;Verify that user is able to navigate to a question page from Practice Question page of &quot;Arrays in P...)">
                  </a> <!-- runScenario("Verify that user is able to navigate to a question page from Practice Question page of "Arrays in P...) -->
                  <span class="method-name">runScenario</span>
                  <span class="parameters">("Verify that user is able to navigate to a question page from Practice Question page of "Arrays in Python"","Arrays PracticeQuestion")</span>
                  <em>
(Runs Cucumber Scenarios)                  </em>
                </div> <!-- method-content -->
              </div> <!-- method -->
              <div class="method">
                <div class="method-content">
                  <a name="runScenario(&quot;Verify that user is able to navigate to &quot;Arrays in Python&quot; page&quot;, &quot;Arrays PracticeQuestion&quot;)">
                  </a> <!-- runScenario("Verify that user is able to navigate to "Arrays in Python" page", "Arrays PracticeQuestion") -->
                  <span class="method-name">runScenario</span>
                  <span class="parameters">("Verify that user is able to navigate to "Arrays in Python" page","Arrays PracticeQuestion")</span>
                  <em>
(Runs Cucumber Scenarios)                  </em>
                </div> <!-- method-content -->
              </div> <!-- method -->
              <div class="method">
                <div class="method-content">
                  <a name="runScenario(&quot;Verify that user is able to navigate to a question page from Practice Question page of &quot;Arrays in P...)">
                  </a> <!-- runScenario("Verify that user is able to navigate to a question page from Practice Question page of "Arrays in P...) -->
                  <span class="method-name">runScenario</span>
                  <span class="parameters">("Verify that user is able to navigate to a question page from Practice Question page of "Arrays in Python"","Arrays PracticeQuestion")</span>
                  <em>
(Runs Cucumber Scenarios)                  </em>
                </div> <!-- method-content -->
              </div> <!-- method -->
              <div class="method">
                <div class="method-content">
                  <a name="runScenario(&quot;Verify that Python code runs and output matches expected&quot;, &quot;To test DataStructuresIntroduction func...)">
                  </a> <!-- runScenario("Verify that Python code runs and output matches expected", "To test DataStructuresIntroduction func...) -->
                  <span class="method-name">runScenario</span>
                  <span class="parameters">("Verify that Python code runs and output matches expected","To test DataStructuresIntroduction functionality")</span>
                  <em>
(Runs Cucumber Scenarios)                  </em>
                </div> <!-- method-content -->
              </div> <!-- method -->
              <div class="method">
                <div class="method-content">
                  <a name="runScenario(&quot;Verify that user is able to navigate to &quot;Data Structures - Introduction&quot; page&quot;, &quot;To test DataStruct...)">
                  </a> <!-- runScenario("Verify that user is able to navigate to "Data Structures - Introduction" page", "To test DataStruct...) -->
                  <span class="method-name">runScenario</span>
                  <span class="parameters">("Verify that user is able to navigate to "Data Structures - Introduction" page","To test DataStructuresIntroduction functionality")</span>
                  <em>
(Runs Cucumber Scenarios)                  </em>
                </div> <!-- method-content -->
              </div> <!-- method -->
              <div class="method">
                <div class="method-content">
                  <a name="runScenario(&quot;Verify that user is able to navigate to a question page from Practice Question page of &quot;Arrays in P...)">
                  </a> <!-- runScenario("Verify that user is able to navigate to a question page from Practice Question page of "Arrays in P...) -->
                  <span class="method-name">runScenario</span>
                  <span class="parameters">("Verify that user is able to navigate to a question page from Practice Question page of "Arrays in Python"","Arrays PracticeQuestion")</span>
                  <em>
(Runs Cucumber Scenarios)                  </em>
                </div> <!-- method-content -->
              </div> <!-- method -->
              <div class="method">
                <div class="method-content">
                  <a name="runScenario(&quot;Verify that user is able to navigate to a question page from Practice Question page of &quot;Arrays in P...)">
                  </a> <!-- runScenario("Verify that user is able to navigate to a question page from Practice Question page of "Arrays in P...) -->
                  <span class="method-name">runScenario</span>
                  <span class="parameters">("Verify that user is able to navigate to a question page from Practice Question page of "Arrays in Python"","Arrays PracticeQuestion")</span>
                  <em>
(Runs Cucumber Scenarios)                  </em>
                </div> <!-- method-content -->
              </div> <!-- method -->
              <div class="method">
                <div class="method-content">
                  <a name="runScenario(&quot;Verify that user is able to navigate to &quot;Time Complexity&quot; page&quot;, &quot;To test DataStructuresIntroductio...)">
                  </a> <!-- runScenario("Verify that user is able to navigate to "Time Complexity" page", "To test DataStructuresIntroductio...) -->
                  <span class="method-name">runScenario</span>
                  <span class="parameters">("Verify that user is able to navigate to "Time Complexity" page","To test DataStructuresIntroduction functionality")</span>
                  <em>
(Runs Cucumber Scenarios)                  </em>
                </div> <!-- method-content -->
              </div> <!-- method -->
              <div class="method">
                <div class="method-content">
                  <a name="runScenario(&quot;Verify that user is able to navigate to &quot;Practice&quot; page&quot;, &quot;To test DataStructuresIntroduction funct...)">
                  </a> <!-- runScenario("Verify that user is able to navigate to "Practice" page", "To test DataStructuresIntroduction funct...) -->
                  <span class="method-name">runScenario</span>
                  <span class="parameters">("Verify that user is able to navigate to "Practice" page","To test DataStructuresIntroduction functionality")</span>
                  <em>
(Runs Cucumber Scenarios)                  </em>
                </div> <!-- method-content -->
              </div> <!-- method -->
              <div class="method">
                <div class="method-content">
                  <a name="runScenario(&quot;Verify that user is able to navigate to &quot;Practice Questions&quot; Page for &quot;Arrays in Python&quot; page&quot;, &quot;Ar...)">
                  </a> <!-- runScenario("Verify that user is able to navigate to "Practice Questions" Page for "Arrays in Python" page", "Ar...) -->
                  <span class="method-name">runScenario</span>
                  <span class="parameters">("Verify that user is able to navigate to "Practice Questions" Page for "Arrays in Python" page","Arrays PracticeQuestion")</span>
                  <em>
(Runs Cucumber Scenarios)                  </em>
                </div> <!-- method-content -->
              </div> <!-- method -->
              <div class="method">
                <div class="method-content">
                  <a name="runScenario(&quot;Scroll down in dropdown and select &quot;Array&quot;&quot;, &quot;Arrays PracticeQuestion&quot;)">
                  </a> <!-- runScenario("Scroll down in dropdown and select "Array"", "Arrays PracticeQuestion") -->
                  <span class="method-name">runScenario</span>
                  <span class="parameters">("Scroll down in dropdown and select "Array"","Arrays PracticeQuestion")</span>
                  <em>
(Runs Cucumber Scenarios)                  </em>
                </div> <!-- method-content -->
              </div> <!-- method -->
            </div> <!-- main-panel-content rounded-window-bottom -->
          </div> <!-- suite-Default_suite-class-passed -->
        </div> <!-- panel Default_suite -->
        <div panel-name="test-xml-Default_suite" class="panel">
          <div class="main-panel-header rounded-window-top">
            <span class="header-content">C:\Users\chand\AppData\Local\Temp\testng-eclipse--1500616255\testng-customsuite.xml</span>
          </div> <!-- main-panel-header rounded-window-top -->
          <div class="main-panel-content rounded-window-bottom">
            <pre>
&lt;?xml version=&quot;1.0&quot; encoding=&quot;UTF-8&quot;?&gt;
&lt;!DOCTYPE suite SYSTEM &quot;https://testng.org/testng-1.0.dtd&quot;&gt;
&lt;suite name=&quot;Default suite&quot; guice-stage=&quot;DEVELOPMENT&quot;&gt;
  &lt;test thread-count=&quot;5&quot; name=&quot;Default test&quot; verbose=&quot;2&quot;&gt;
    &lt;classes&gt;
      &lt;class name=&quot;testRunner.DsalgoRunner&quot;/&gt;
    &lt;/classes&gt;
  &lt;/test&gt; &lt;!-- Default test --&gt;
&lt;/suite&gt; &lt;!-- Default suite --&gt;
            </pre>
          </div> <!-- main-panel-content rounded-window-bottom -->
        </div> <!-- panel -->
        <div panel-name="testlist-Default_suite" class="panel">
          <div class="main-panel-header rounded-window-top">
            <span class="header-content">Tests for Default suite</span>
          </div> <!-- main-panel-header rounded-window-top -->
          <div class="main-panel-content rounded-window-bottom">
            <ul>
              <li>
                <span class="test-name">Default test (1 class)</span>
              </li>
            </ul>
          </div> <!-- main-panel-content rounded-window-bottom -->
        </div> <!-- panel -->
        <div panel-name="group-Default_suite" class="panel">
          <div class="main-panel-header rounded-window-top">
            <span class="header-content">Groups for Default suite</span>
          </div> <!-- main-panel-header rounded-window-top -->
          <div class="main-panel-content rounded-window-bottom">
            <div class="test-group">
              <span class="test-group-name">cucumber</span>
              <br/>
              <div class="method-in-group">
                <span class="method-in-group-name">runScenario</span>
                <br/>
              </div> <!-- method-in-group -->
            </div> <!-- test-group -->
          </div> <!-- main-panel-content rounded-window-bottom -->
        </div> <!-- panel -->
        <div panel-name="times-Default_suite" class="panel">
          <div class="main-panel-header rounded-window-top">
            <span class="header-content">Times for Default suite</span>
          </div> <!-- main-panel-header rounded-window-top -->
          <div class="main-panel-content rounded-window-bottom">
            <div class="times-div">
              <script type="text/javascript">
suiteTableInitFunctions.push('tableData_Default_suite');
function tableData_Default_suite() {
var data = new google.visualization.DataTable();
data.addColumn('number', 'Number');
data.addColumn('string', 'Method');
data.addColumn('string', 'Class');
data.addColumn('number', 'Time (ms)');
data.addRows(34);
data.setCell(0, 0, 0)
data.setCell(0, 1, 'runScenario')
data.setCell(0, 2, 'testRunner.DsalgoRunner')
data.setCell(0, 3, 14222);
data.setCell(1, 0, 1)
data.setCell(1, 1, 'runScenario')
data.setCell(1, 2, 'testRunner.DsalgoRunner')
data.setCell(1, 3, 14092);
data.setCell(2, 0, 2)
data.setCell(2, 1, 'runScenario')
data.setCell(2, 2, 'testRunner.DsalgoRunner')
data.setCell(2, 3, 13747);
data.setCell(3, 0, 3)
data.setCell(3, 1, 'runScenario')
data.setCell(3, 2, 'testRunner.DsalgoRunner')
data.setCell(3, 3, 13658);
data.setCell(4, 0, 4)
data.setCell(4, 1, 'runScenario')
data.setCell(4, 2, 'testRunner.DsalgoRunner')
data.setCell(4, 3, 13566);
data.setCell(5, 0, 5)
data.setCell(5, 1, 'runScenario')
data.setCell(5, 2, 'testRunner.DsalgoRunner')
data.setCell(5, 3, 13565);
data.setCell(6, 0, 6)
data.setCell(6, 1, 'runScenario')
data.setCell(6, 2, 'testRunner.DsalgoRunner')
data.setCell(6, 3, 13539);
data.setCell(7, 0, 7)
data.setCell(7, 1, 'runScenario')
data.setCell(7, 2, 'testRunner.DsalgoRunner')
data.setCell(7, 3, 13538);
data.setCell(8, 0, 8)
data.setCell(8, 1, 'runScenario')
data.setCell(8, 2, 'testRunner.DsalgoRunner')
data.setCell(8, 3, 13492);
data.setCell(9, 0, 9)
data.setCell(9, 1, 'runScenario')
data.setCell(9, 2, 'testRunner.DsalgoRunner')
data.setCell(9, 3, 13459);
data.setCell(10, 0, 10)
data.setCell(10, 1, 'runScenario')
data.setCell(10, 2, 'testRunner.DsalgoRunner')
data.setCell(10, 3, 13418);
data.setCell(11, 0, 11)
data.setCell(11, 1, 'runScenario')
data.setCell(11, 2, 'testRunner.DsalgoRunner')
data.setCell(11, 3, 13365);
data.setCell(12, 0, 12)
data.setCell(12, 1, 'runScenario')
data.setCell(12, 2, 'testRunner.DsalgoRunner')
data.setCell(12, 3, 13364);
data.setCell(13, 0, 13)
data.setCell(13, 1, 'runScenario')
data.setCell(13, 2, 'testRunner.DsalgoRunner')
data.setCell(13, 3, 13342);
data.setCell(14, 0, 14)
data.setCell(14, 1, 'runScenario')
data.setCell(14, 2, 'testRunner.DsalgoRunner')
data.setCell(14, 3, 13342);
data.setCell(15, 0, 15)
data.setCell(15, 1, 'runScenario')
data.setCell(15, 2, 'testRunner.DsalgoRunner')
data.setCell(15, 3, 13325);
data.setCell(16, 0, 16)
data.setCell(16, 1, 'runScenario')
data.setCell(16, 2, 'testRunner.DsalgoRunner')
data.setCell(16, 3, 5427);
data.setCell(17, 0, 17)
data.setCell(17, 1, 'runScenario')
data.setCell(17, 2, 'testRunner.DsalgoRunner')
data.setCell(17, 3, 3817);
data.setCell(18, 0, 18)
data.setCell(18, 1, 'runScenario')
data.setCell(18, 2, 'testRunner.DsalgoRunner')
data.setCell(18, 3, 3786);
data.setCell(19, 0, 19)
data.setCell(19, 1, 'runScenario')
data.setCell(19, 2, 'testRunner.DsalgoRunner')
data.setCell(19, 3, 3769);
data.setCell(20, 0, 20)
data.setCell(20, 1, 'runScenario')
data.setCell(20, 2, 'testRunner.DsalgoRunner')
data.setCell(20, 3, 3693);
data.setCell(21, 0, 21)
data.setCell(21, 1, 'runScenario')
data.setCell(21, 2, 'testRunner.DsalgoRunner')
data.setCell(21, 3, 3677);
data.setCell(22, 0, 22)
data.setCell(22, 1, 'runScenario')
data.setCell(22, 2, 'testRunner.DsalgoRunner')
data.setCell(22, 3, 3658);
data.setCell(23, 0, 23)
data.setCell(23, 1, 'runScenario')
data.setCell(23, 2, 'testRunner.DsalgoRunner')
data.setCell(23, 3, 3650);
data.setCell(24, 0, 24)
data.setCell(24, 1, 'runScenario')
data.setCell(24, 2, 'testRunner.DsalgoRunner')
data.setCell(24, 3, 3635);
data.setCell(25, 0, 25)
data.setCell(25, 1, 'runScenario')
data.setCell(25, 2, 'testRunner.DsalgoRunner')
data.setCell(25, 3, 3446);
data.setCell(26, 0, 26)
data.setCell(26, 1, 'runScenario')
data.setCell(26, 2, 'testRunner.DsalgoRunner')
data.setCell(26, 3, 3320);
data.setCell(27, 0, 27)
data.setCell(27, 1, 'runScenario')
data.setCell(27, 2, 'testRunner.DsalgoRunner')
data.setCell(27, 3, 3280);
data.setCell(28, 0, 28)
data.setCell(28, 1, 'runScenario')
data.setCell(28, 2, 'testRunner.DsalgoRunner')
data.setCell(28, 3, 3177);
data.setCell(29, 0, 29)
data.setCell(29, 1, 'runScenario')
data.setCell(29, 2, 'testRunner.DsalgoRunner')
data.setCell(29, 3, 3159);
data.setCell(30, 0, 30)
data.setCell(30, 1, 'runScenario')
data.setCell(30, 2, 'testRunner.DsalgoRunner')
data.setCell(30, 3, 3152);
data.setCell(31, 0, 31)
data.setCell(31, 1, 'runScenario')
data.setCell(31, 2, 'testRunner.DsalgoRunner')
data.setCell(31, 3, 3102);
data.setCell(32, 0, 32)
data.setCell(32, 1, 'runScenario')
data.setCell(32, 2, 'testRunner.DsalgoRunner')
data.setCell(32, 3, 3050);
data.setCell(33, 0, 33)
data.setCell(33, 1, 'runScenario')
data.setCell(33, 2, 'testRunner.DsalgoRunner')
data.setCell(33, 3, 2893);
window.suiteTableData['Default_suite']= { tableData: data, tableDiv: 'times-div-Default_suite'}
return data;
}
              </script>
              <span class="suite-total-time">Total running time: 4 minutes</span>
              <div id="times-div-Default_suite">
              </div> <!-- times-div-Default_suite -->
            </div> <!-- times-div -->
          </div> <!-- main-panel-content rounded-window-bottom -->
        </div> <!-- panel -->
        <div panel-name="reporter-Default_suite" class="panel">
          <div class="main-panel-header rounded-window-top">
            <span class="header-content">Reporter output for Default suite</span>
          </div> <!-- main-panel-header rounded-window-top -->
          <div class="main-panel-content rounded-window-bottom">
          </div> <!-- main-panel-content rounded-window-bottom -->
        </div> <!-- panel -->
        <div panel-name="ignored-methods-Default_suite" class="panel">
          <div class="main-panel-header rounded-window-top">
            <span class="header-content">0 ignored methods</span>
          </div> <!-- main-panel-header rounded-window-top -->
          <div class="main-panel-content rounded-window-bottom">
          </div> <!-- main-panel-content rounded-window-bottom -->
        </div> <!-- panel -->
        <div panel-name="chronological-Default_suite" class="panel">
          <div class="main-panel-header rounded-window-top">
            <span class="header-content">Methods in chronological order</span>
          </div> <!-- main-panel-header rounded-window-top -->
          <div class="main-panel-content rounded-window-bottom">
            <div class="chronological-class">
              <div class="chronological-class-name">testRunner.DsalgoRunner</div> <!-- chronological-class-name -->
              <div class="configuration-class before">
                <span class="method-name">setUpClass(org.testng.TestRunner@5113ab26)</span>
                <span class="method-start">0 ms</span>
              </div> <!-- configuration-class before -->
              <div class="test-method">
                <span class="method-name">runScenario("Scroll down in dropdown and select "Array"", "Arrays PracticeQuestion")</span>
                <span class="method-start">592 ms</span>
              </div> <!-- test-method -->
              <div class="test-method">
                <span class="method-name">runScenario("Verify that user is able to navigate to "Arrays in Python" page", "Arrays PracticeQuestion")</span>
                <span class="method-start">6088 ms</span>
              </div> <!-- test-method -->
              <div class="test-method">
                <span class="method-name">runScenario("Verify that the user is able to scroll down and click Try Here button", "Arrays PracticeQuestion")</span>
                <span class="method-start">9864 ms</span>
              </div> <!-- test-method -->
              <div class="test-method">
                <img src="failed.png">
                </img>
                <span class="method-name">runScenario("Verify that user receives error when click on Run button without entering code for "Arrays in Pytho...)</span>
                <span class="method-start">13684 ms</span>
              </div> <!-- test-method -->
              <div class="test-method">
                <img src="failed.png">
                </img>
                <span class="method-name">runScenario("Verify that user receives error for invalid python code for "Arrays in Python" page", "Arrays Pract...)</span>
                <span class="method-start">17474 ms</span>
              </div> <!-- test-method -->
              <div class="test-method">
                <img src="failed.png">
                </img>
                <span class="method-name">runScenario("Verify that user is able to see output for valid python code for "Arrays in Python" page", "Arrays ...)</span>
                <span class="method-start">31696 ms</span>
              </div> <!-- test-method -->
              <div class="test-method">
                <img src="failed.png">
                </img>
                <span class="method-name">runScenario("Navigate back to Arrays in Python page from tryEditor", "Arrays PracticeQuestion")</span>
                <span class="method-start">45445 ms</span>
              </div> <!-- test-method -->
              <div class="test-method">
                <span class="method-name">runScenario("Verify that user is able to navigate to "Practice Questions" Page for "Arrays in Python" page", "Ar...)</span>
                <span class="method-start">48725 ms</span>
              </div> <!-- test-method -->
              <div class="test-method">
                <span class="method-name">runScenario("Verify that user is able to navigate to a question page from Practice Question page of "Arrays in P...)</span>
                <span class="method-start">51880 ms</span>
              </div> <!-- test-method -->
              <div class="test-method">
                <span class="method-name">runScenario("Verify that user is able to navigate to a question page from Practice Question page of "Arrays in P...)</span>
                <span class="method-start">55559 ms</span>
              </div> <!-- test-method -->
              <div class="test-method">
                <span class="method-name">runScenario("Verify that user is able to navigate to a question page from Practice Question page of "Arrays in P...)</span>
                <span class="method-start">59007 ms</span>
              </div> <!-- test-method -->
              <div class="test-method">
                <span class="method-name">runScenario("Verify that user is able to navigate to a question page from Practice Question page of "Arrays in P...)</span>
                <span class="method-start">62703 ms</span>
              </div> <!-- test-method -->
              <div class="test-method">
                <img src="failed.png">
                </img>
                <span class="method-name">runScenario("Verify that user receives error for invalid python code on running "Search the array" question", "A...)</span>
                <span class="method-start">66356 ms</span>
              </div> <!-- test-method -->
              <div class="test-method">
                <img src="failed.png">
                </img>
                <span class="method-name">runScenario("Verify that user is able to run valid python code for "Search the array" question", "Arrays Practic...)</span>
                <span class="method-start">79681 ms</span>
              </div> <!-- test-method -->
              <div class="test-method">
                <img src="failed.png">
                </img>
                <span class="method-name">runScenario("Verify that user receives error on submitting invalid python code for "Search the array" question",...)</span>
                <span class="method-start">93051 ms</span>
              </div> <!-- test-method -->
              <div class="test-method">
                <img src="failed.png">
                </img>
                <span class="method-name">runScenario("Verify that user receives Success message on submitting valid python code for "Search the array" qu...)</span>
                <span class="method-start">106513 ms</span>
              </div> <!-- test-method -->
              <div class="test-method">
                <img src="failed.png">
                </img>
                <span class="method-name">runScenario("Verify that user receives error for invalid python code on running Search the array question", "Arr...)</span>
                <span class="method-start">120609 ms</span>
              </div> <!-- test-method -->
              <div class="test-method">
                <img src="failed.png">
                </img>
                <span class="method-name">runScenario("Verify that user is able to run valid python code for Max Consecutive Ones question", "Arrays Pract...)</span>
                <span class="method-start">134150 ms</span>
              </div> <!-- test-method -->
              <div class="test-method">
                <img src="failed.png">
                </img>
                <span class="method-name">runScenario("Verify that user receives error on submitting invalid python code for "Max Consecutive Ones" questi...)</span>
                <span class="method-start">147517 ms</span>
              </div> <!-- test-method -->
              <div class="test-method">
                <img src="failed.png">
                </img>
                <span class="method-name">runScenario("Verify that user receives Success message on submitting valid python code for "Max Consecutive Ones...)</span>
                <span class="method-start">161085 ms</span>
              </div> <!-- test-method -->
              <div class="test-method">
                <img src="failed.png">
                </img>
                <span class="method-name">runScenario("Verify that user receives error for invalid python code on running Find Numbers with Even Number of...)</span>
                <span class="method-start">174503 ms</span>
              </div> <!-- test-method -->
              <div class="test-method">
                <img src="failed.png">
                </img>
                <span class="method-name">runScenario("Verify that user is able to run valid python code for Find Numbers with Even Number of Digits quest...)</span>
                <span class="method-start">188161 ms</span>
              </div> <!-- test-method -->
              <div class="test-method">
                <img src="failed.png">
                </img>
                <span class="method-name">runScenario("Verify that user receives error on submitting invalid python code for Find Numbers with Even Number...)</span>
                <span class="method-start">201503 ms</span>
              </div> <!-- test-method -->
              <div class="test-method">
                <img src="failed.png">
                </img>
                <span class="method-name">runScenario("Verify that user receives Success message on submitting valid python code for Find Numbers with Eve...)</span>
                <span class="method-start">214995 ms</span>
              </div> <!-- test-method -->
              <div class="test-method">
                <img src="failed.png">
                </img>
                <span class="method-name">runScenario("Verify that user receives error for invalid python code on running Squares of a Sorted Array questi...)</span>
                <span class="method-start">228563 ms</span>
              </div> <!-- test-method -->
              <div class="test-method">
                <img src="failed.png">
                </img>
                <span class="method-name">runScenario("Verify that user is able to run valid python code for Squares of a Sorted Array question", "Arrays ...)</span>
                <span class="method-start">232200 ms</span>
              </div> <!-- test-method -->
              <div class="test-method">
                <img src="failed.png">
                </img>
                <span class="method-name">runScenario("Verify that user receives error on submitting invalid python code for Squares of a Sorted Array que...)</span>
                <span class="method-start">245542 ms</span>
              </div> <!-- test-method -->
              <div class="test-method">
                <img src="failed.png">
                </img>
                <span class="method-name">runScenario("Verify that user receives Success message on submitting valid python code for Squares of a Sorted A...)</span>
                <span class="method-start">248646 ms</span>
              </div> <!-- test-method -->
              <div class="test-method">
                <span class="method-name">runScenario("Verify that user is able to navigate to "Data Structures - Introduction" page", "To test DataStruct...)</span>
                <span class="method-start">262188 ms</span>
              </div> <!-- test-method -->
              <div class="test-method">
                <span class="method-name">runScenario("Verify that user is able to navigate to "Time Complexity" page", "To test DataStructuresIntroductio...)</span>
                <span class="method-start">265240 ms</span>
              </div> <!-- test-method -->
              <div class="test-method">
                <span class="method-name">runScenario("Verify that user is able to navigate to "Practice" page", "To test DataStructuresIntroduction funct...)</span>
                <span class="method-start">268136 ms</span>
              </div> <!-- test-method -->
              <div class="test-method">
                <span class="method-name">runScenario("Verify that user is able to navigate to "try Editor" page", "To test DataStructuresIntroduction fun...)</span>
                <span class="method-start">271296 ms</span>
              </div> <!-- test-method -->
              <div class="test-method">
                <img src="failed.png">
                </img>
                <span class="method-name">runScenario("Verify that user recieves error messgae on click on run button without entering code", "To test Dat...)</span>
                <span class="method-start">274954 ms</span>
              </div> <!-- test-method -->
              <div class="test-method">
                <span class="method-name">runScenario("Verify that Python code runs and output matches expected", "To test DataStructuresIntroduction func...)</span>
                <span class="method-start">278133 ms</span>
              </div> <!-- test-method -->
              <div class="configuration-class after">
                <span class="method-name">tearDownClass</span>
                <span class="method-start">281457 ms</span>
              </div> <!-- configuration-class after -->
          </div> <!-- main-panel-content rounded-window-bottom -->
        </div> <!-- panel -->
      </div> <!-- main-panel-root -->
    </div> <!-- wrapper -->
  </body>
<script type="text/javascript" src="testng-reports2.js"></script>
</html>
